{"/home/natan/projects/multidb/src/index.js": {"path":"/home/natan/projects/multidb/src/index.js","all":false,"statementMap":{"0":{"start":{"line":1,"column":0},"end":{"line":1,"column":30}},"1":{"start":{"line":2,"column":0},"end":{"line":2,"column":32}},"2":{"start":{"line":3,"column":0},"end":{"line":3,"column":34}},"3":{"start":{"line":4,"column":0},"end":{"line":4,"column":39}},"4":{"start":{"line":5,"column":0},"end":{"line":5,"column":36}},"5":{"start":{"line":6,"column":0},"end":{"line":6,"column":0}},"6":{"start":{"line":7,"column":0},"end":{"line":7,"column":53}},"7":{"start":{"line":8,"column":0},"end":{"line":8,"column":0}},"8":{"start":{"line":9,"column":0},"end":{"line":9,"column":73}},"9":{"start":{"line":10,"column":0},"end":{"line":10,"column":60}},"10":{"start":{"line":11,"column":0},"end":{"line":11,"column":63}},"11":{"start":{"line":12,"column":0},"end":{"line":12,"column":76}},"12":{"start":{"line":13,"column":0},"end":{"line":13,"column":75}},"13":{"start":{"line":14,"column":0},"end":{"line":14,"column":0}},"14":{"start":{"line":15,"column":0},"end":{"line":15,"column":52}},"15":{"start":{"line":16,"column":0},"end":{"line":16,"column":52}},"16":{"start":{"line":17,"column":0},"end":{"line":17,"column":0}},"17":{"start":{"line":18,"column":0},"end":{"line":18,"column":37}},"18":{"start":{"line":19,"column":0},"end":{"line":19,"column":0}},"19":{"start":{"line":20,"column":0},"end":{"line":20,"column":29}},"20":{"start":{"line":21,"column":0},"end":{"line":21,"column":13}},"21":{"start":{"line":22,"column":0},"end":{"line":22,"column":19}},"22":{"start":{"line":23,"column":0},"end":{"line":23,"column":3}},"23":{"start":{"line":24,"column":0},"end":{"line":24,"column":0}},"24":{"start":{"line":25,"column":0},"end":{"line":25,"column":39}},"25":{"start":{"line":26,"column":0},"end":{"line":26,"column":50}},"26":{"start":{"line":27,"column":0},"end":{"line":27,"column":1}},"27":{"start":{"line":28,"column":0},"end":{"line":28,"column":0}},"28":{"start":{"line":29,"column":0},"end":{"line":29,"column":23}},"29":{"start":{"line":30,"column":0},"end":{"line":30,"column":38}},"30":{"start":{"line":31,"column":0},"end":{"line":31,"column":75}},"31":{"start":{"line":32,"column":0},"end":{"line":32,"column":0}},"32":{"start":{"line":33,"column":0},"end":{"line":33,"column":53}},"33":{"start":{"line":34,"column":0},"end":{"line":34,"column":79}},"34":{"start":{"line":35,"column":0},"end":{"line":35,"column":91}},"35":{"start":{"line":36,"column":0},"end":{"line":36,"column":0}},"36":{"start":{"line":37,"column":0},"end":{"line":37,"column":22}},"37":{"start":{"line":38,"column":0},"end":{"line":38,"column":12}},"38":{"start":{"line":39,"column":0},"end":{"line":39,"column":10}},"39":{"start":{"line":40,"column":0},"end":{"line":40,"column":11}},"40":{"start":{"line":41,"column":0},"end":{"line":41,"column":5}},"41":{"start":{"line":42,"column":0},"end":{"line":42,"column":26}},"42":{"start":{"line":43,"column":0},"end":{"line":43,"column":29}},"43":{"start":{"line":44,"column":0},"end":{"line":44,"column":5}},"44":{"start":{"line":45,"column":0},"end":{"line":45,"column":5}},"45":{"start":{"line":46,"column":0},"end":{"line":46,"column":0}},"46":{"start":{"line":47,"column":0},"end":{"line":47,"column":35}},"47":{"start":{"line":48,"column":0},"end":{"line":48,"column":20}},"48":{"start":{"line":49,"column":0},"end":{"line":49,"column":17}},"49":{"start":{"line":50,"column":0},"end":{"line":50,"column":22}},"50":{"start":{"line":51,"column":0},"end":{"line":51,"column":9}},"51":{"start":{"line":52,"column":0},"end":{"line":52,"column":34}},"52":{"start":{"line":53,"column":0},"end":{"line":53,"column":54}},"53":{"start":{"line":54,"column":0},"end":{"line":54,"column":25}},"54":{"start":{"line":55,"column":0},"end":{"line":55,"column":0}},"55":{"start":{"line":56,"column":0},"end":{"line":56,"column":14}},"56":{"start":{"line":57,"column":0},"end":{"line":57,"column":21}},"57":{"start":{"line":58,"column":0},"end":{"line":58,"column":7}},"58":{"start":{"line":59,"column":0},"end":{"line":59,"column":5}},"59":{"start":{"line":60,"column":0},"end":{"line":60,"column":4}},"60":{"start":{"line":61,"column":0},"end":{"line":61,"column":0}},"61":{"start":{"line":62,"column":0},"end":{"line":62,"column":25}},"62":{"start":{"line":63,"column":0},"end":{"line":63,"column":0}},"63":{"start":{"line":64,"column":0},"end":{"line":64,"column":7}},"64":{"start":{"line":65,"column":0},"end":{"line":65,"column":22}},"65":{"start":{"line":66,"column":0},"end":{"line":66,"column":52}},"66":{"start":{"line":67,"column":0},"end":{"line":67,"column":17}},"67":{"start":{"line":68,"column":0},"end":{"line":68,"column":21}},"68":{"start":{"line":69,"column":0},"end":{"line":69,"column":3}},"69":{"start":{"line":70,"column":0},"end":{"line":70,"column":0}},"70":{"start":{"line":71,"column":0},"end":{"line":71,"column":13}},"71":{"start":{"line":72,"column":0},"end":{"line":72,"column":64}},"72":{"start":{"line":73,"column":0},"end":{"line":73,"column":83}},"73":{"start":{"line":74,"column":0},"end":{"line":74,"column":5}},"74":{"start":{"line":75,"column":0},"end":{"line":75,"column":0}},"75":{"start":{"line":76,"column":0},"end":{"line":76,"column":12}},"76":{"start":{"line":77,"column":0},"end":{"line":77,"column":1}},"77":{"start":{"line":78,"column":0},"end":{"line":78,"column":0}},"78":{"start":{"line":79,"column":0},"end":{"line":79,"column":22}}},"s":{"0":1,"1":1,"2":1,"3":1,"4":1,"5":1,"6":1,"7":1,"8":1,"9":1,"10":1,"11":1,"12":1,"13":1,"14":1,"15":1,"16":1,"17":1,"18":1,"19":1,"20":1,"21":1,"22":1,"23":1,"24":4,"25":4,"26":4,"27":1,"28":2,"29":2,"30":2,"31":2,"32":2,"33":2,"34":2,"35":2,"36":2,"37":2,"38":2,"39":2,"40":2,"41":2,"42":2,"43":2,"44":2,"45":2,"46":2,"47":2,"48":2,"49":2,"50":2,"51":2,"52":10,"53":10,"54":10,"55":10,"56":10,"57":10,"58":10,"59":2,"60":2,"61":2,"62":2,"63":2,"64":2,"65":1,"66":1,"67":1,"68":1,"69":2,"70":2,"71":2,"72":2,"73":2,"74":2,"75":2,"76":2,"77":1,"78":1},"branchMap":{"0":{"type":"branch","line":25,"loc":{"start":{"line":25,"column":0},"end":{"line":27,"column":1}},"locations":[{"start":{"line":25,"column":0},"end":{"line":27,"column":1}}]},"1":{"type":"branch","line":26,"loc":{"start":{"line":26,"column":21},"end":{"line":26,"column":49}},"locations":[{"start":{"line":26,"column":21},"end":{"line":26,"column":49}}]},"2":{"type":"branch","line":29,"loc":{"start":{"line":29,"column":0},"end":{"line":77,"column":1}},"locations":[{"start":{"line":29,"column":0},"end":{"line":77,"column":1}}]},"3":{"type":"branch","line":65,"loc":{"start":{"line":65,"column":21},"end":{"line":69,"column":3}},"locations":[{"start":{"line":65,"column":21},"end":{"line":69,"column":3}}]},"4":{"type":"branch","line":52,"loc":{"start":{"line":52,"column":14},"end":{"line":59,"column":5}},"locations":[{"start":{"line":52,"column":14},"end":{"line":59,"column":5}}]}},"b":{"0":[4],"1":[10],"2":[2],"3":[1],"4":[10]},"fnMap":{"0":{"name":"mapRoutes","decl":{"start":{"line":25,"column":0},"end":{"line":27,"column":1}},"loc":{"start":{"line":25,"column":0},"end":{"line":27,"column":1}},"line":25},"1":{"name":"main","decl":{"start":{"line":29,"column":0},"end":{"line":77,"column":1}},"loc":{"start":{"line":29,"column":0},"end":{"line":77,"column":1}},"line":29},"2":{"name":"validate","decl":{"start":{"line":52,"column":14},"end":{"line":59,"column":5}},"loc":{"start":{"line":52,"column":14},"end":{"line":59,"column":5}},"line":52}},"f":{"0":4,"1":2,"2":10}}
,"/home/natan/projects/multidb/src/config/swagger.js": {"path":"/home/natan/projects/multidb/src/config/swagger.js","all":false,"statementMap":{"0":{"start":{"line":1,"column":0},"end":{"line":1,"column":31}},"1":{"start":{"line":2,"column":0},"end":{"line":2,"column":22}},"2":{"start":{"line":3,"column":0},"end":{"line":3,"column":9}},"3":{"start":{"line":4,"column":0},"end":{"line":4,"column":36}},"4":{"start":{"line":5,"column":0},"end":{"line":5,"column":47}},"5":{"start":{"line":6,"column":0},"end":{"line":6,"column":21}},"6":{"start":{"line":7,"column":0},"end":{"line":7,"column":4}},"7":{"start":{"line":8,"column":0},"end":{"line":8,"column":9}},"8":{"start":{"line":9,"column":0},"end":{"line":9,"column":5}},"9":{"start":{"line":10,"column":0},"end":{"line":10,"column":20}},"10":{"start":{"line":11,"column":0},"end":{"line":11,"column":61}},"11":{"start":{"line":12,"column":0},"end":{"line":12,"column":5}},"12":{"start":{"line":13,"column":0},"end":{"line":13,"column":3}},"13":{"start":{"line":14,"column":0},"end":{"line":14,"column":2}},"14":{"start":{"line":15,"column":0},"end":{"line":15,"column":0}},"15":{"start":{"line":16,"column":0},"end":{"line":16,"column":17}},"16":{"start":{"line":17,"column":0},"end":{"line":17,"column":15}},"17":{"start":{"line":18,"column":0},"end":{"line":18,"column":16}},"18":{"start":{"line":19,"column":0},"end":{"line":19,"column":17}},"19":{"start":{"line":20,"column":0},"end":{"line":20,"column":20}},"20":{"start":{"line":21,"column":0},"end":{"line":21,"column":18}},"21":{"start":{"line":22,"column":0},"end":{"line":22,"column":13}},"22":{"start":{"line":23,"column":0},"end":{"line":23,"column":47}},"23":{"start":{"line":24,"column":0},"end":{"line":24,"column":57}},"24":{"start":{"line":25,"column":0},"end":{"line":25,"column":38}},"25":{"start":{"line":26,"column":0},"end":{"line":26,"column":27}},"26":{"start":{"line":27,"column":0},"end":{"line":27,"column":66}},"27":{"start":{"line":28,"column":0},"end":{"line":28,"column":25}},"28":{"start":{"line":29,"column":0},"end":{"line":29,"column":36}},"29":{"start":{"line":30,"column":0},"end":{"line":30,"column":28}},"30":{"start":{"line":31,"column":0},"end":{"line":31,"column":53}},"31":{"start":{"line":32,"column":0},"end":{"line":32,"column":18}},"32":{"start":{"line":33,"column":0},"end":{"line":33,"column":17}},"33":{"start":{"line":34,"column":0},"end":{"line":34,"column":35}},"34":{"start":{"line":35,"column":0},"end":{"line":35,"column":28}},"35":{"start":{"line":36,"column":0},"end":{"line":36,"column":53}},"36":{"start":{"line":37,"column":0},"end":{"line":37,"column":18}},"37":{"start":{"line":38,"column":0},"end":{"line":38,"column":17}},"38":{"start":{"line":39,"column":0},"end":{"line":39,"column":53}},"39":{"start":{"line":40,"column":0},"end":{"line":40,"column":28}},"40":{"start":{"line":41,"column":0},"end":{"line":41,"column":53}},"41":{"start":{"line":42,"column":0},"end":{"line":42,"column":18}},"42":{"start":{"line":43,"column":0},"end":{"line":43,"column":16}},"43":{"start":{"line":44,"column":0},"end":{"line":44,"column":15}},"44":{"start":{"line":45,"column":0},"end":{"line":45,"column":29}},"45":{"start":{"line":46,"column":0},"end":{"line":46,"column":13}},"46":{"start":{"line":47,"column":0},"end":{"line":47,"column":25}},"47":{"start":{"line":48,"column":0},"end":{"line":48,"column":21}},"48":{"start":{"line":49,"column":0},"end":{"line":49,"column":53}},"49":{"start":{"line":50,"column":0},"end":{"line":50,"column":27}},"50":{"start":{"line":51,"column":0},"end":{"line":51,"column":38}},"51":{"start":{"line":52,"column":0},"end":{"line":52,"column":30}},"52":{"start":{"line":53,"column":0},"end":{"line":53,"column":55}},"53":{"start":{"line":54,"column":0},"end":{"line":54,"column":20}},"54":{"start":{"line":55,"column":0},"end":{"line":55,"column":19}},"55":{"start":{"line":56,"column":0},"end":{"line":56,"column":37}},"56":{"start":{"line":57,"column":0},"end":{"line":57,"column":30}},"57":{"start":{"line":58,"column":0},"end":{"line":58,"column":55}},"58":{"start":{"line":59,"column":0},"end":{"line":59,"column":20}},"59":{"start":{"line":60,"column":0},"end":{"line":60,"column":18}},"60":{"start":{"line":61,"column":0},"end":{"line":61,"column":16}},"61":{"start":{"line":62,"column":0},"end":{"line":62,"column":15}},"62":{"start":{"line":63,"column":0},"end":{"line":63,"column":21}},"63":{"start":{"line":64,"column":0},"end":{"line":64,"column":51}},"64":{"start":{"line":65,"column":0},"end":{"line":65,"column":15}},"65":{"start":{"line":66,"column":0},"end":{"line":66,"column":21}},"66":{"start":{"line":67,"column":0},"end":{"line":67,"column":45}},"67":{"start":{"line":68,"column":0},"end":{"line":68,"column":15}},"68":{"start":{"line":69,"column":0},"end":{"line":69,"column":21}},"69":{"start":{"line":70,"column":0},"end":{"line":70,"column":52}},"70":{"start":{"line":71,"column":0},"end":{"line":71,"column":14}},"71":{"start":{"line":72,"column":0},"end":{"line":72,"column":13}},"72":{"start":{"line":73,"column":0},"end":{"line":73,"column":24}},"73":{"start":{"line":74,"column":0},"end":{"line":74,"column":14}},"74":{"start":{"line":75,"column":0},"end":{"line":75,"column":33}},"75":{"start":{"line":76,"column":0},"end":{"line":76,"column":30}},"76":{"start":{"line":77,"column":0},"end":{"line":77,"column":28}},"77":{"start":{"line":78,"column":0},"end":{"line":78,"column":16}},"78":{"start":{"line":79,"column":0},"end":{"line":79,"column":14}},"79":{"start":{"line":80,"column":0},"end":{"line":80,"column":12}},"80":{"start":{"line":81,"column":0},"end":{"line":81,"column":11}},"81":{"start":{"line":82,"column":0},"end":{"line":82,"column":18}},"82":{"start":{"line":83,"column":0},"end":{"line":83,"column":20}},"83":{"start":{"line":84,"column":0},"end":{"line":84,"column":18}},"84":{"start":{"line":85,"column":0},"end":{"line":85,"column":13}},"85":{"start":{"line":86,"column":0},"end":{"line":86,"column":51}},"86":{"start":{"line":87,"column":0},"end":{"line":87,"column":55}},"87":{"start":{"line":88,"column":0},"end":{"line":88,"column":35}},"88":{"start":{"line":89,"column":0},"end":{"line":89,"column":27}},"89":{"start":{"line":90,"column":0},"end":{"line":90,"column":60}},"90":{"start":{"line":91,"column":0},"end":{"line":91,"column":25}},"91":{"start":{"line":92,"column":0},"end":{"line":92,"column":36}},"92":{"start":{"line":93,"column":0},"end":{"line":93,"column":28}},"93":{"start":{"line":94,"column":0},"end":{"line":94,"column":53}},"94":{"start":{"line":95,"column":0},"end":{"line":95,"column":18}},"95":{"start":{"line":96,"column":0},"end":{"line":96,"column":17}},"96":{"start":{"line":97,"column":0},"end":{"line":97,"column":35}},"97":{"start":{"line":98,"column":0},"end":{"line":98,"column":28}},"98":{"start":{"line":99,"column":0},"end":{"line":99,"column":53}},"99":{"start":{"line":100,"column":0},"end":{"line":100,"column":18}},"100":{"start":{"line":101,"column":0},"end":{"line":101,"column":17}},"101":{"start":{"line":102,"column":0},"end":{"line":102,"column":53}},"102":{"start":{"line":103,"column":0},"end":{"line":103,"column":28}},"103":{"start":{"line":104,"column":0},"end":{"line":104,"column":53}},"104":{"start":{"line":105,"column":0},"end":{"line":105,"column":18}},"105":{"start":{"line":106,"column":0},"end":{"line":106,"column":16}},"106":{"start":{"line":107,"column":0},"end":{"line":107,"column":15}},"107":{"start":{"line":108,"column":0},"end":{"line":108,"column":29}},"108":{"start":{"line":109,"column":0},"end":{"line":109,"column":13}},"109":{"start":{"line":110,"column":0},"end":{"line":110,"column":25}},"110":{"start":{"line":111,"column":0},"end":{"line":111,"column":21}},"111":{"start":{"line":112,"column":0},"end":{"line":112,"column":53}},"112":{"start":{"line":113,"column":0},"end":{"line":113,"column":27}},"113":{"start":{"line":114,"column":0},"end":{"line":114,"column":38}},"114":{"start":{"line":115,"column":0},"end":{"line":115,"column":30}},"115":{"start":{"line":116,"column":0},"end":{"line":116,"column":55}},"116":{"start":{"line":117,"column":0},"end":{"line":117,"column":20}},"117":{"start":{"line":118,"column":0},"end":{"line":118,"column":19}},"118":{"start":{"line":119,"column":0},"end":{"line":119,"column":37}},"119":{"start":{"line":120,"column":0},"end":{"line":120,"column":30}},"120":{"start":{"line":121,"column":0},"end":{"line":121,"column":55}},"121":{"start":{"line":122,"column":0},"end":{"line":122,"column":20}},"122":{"start":{"line":123,"column":0},"end":{"line":123,"column":18}},"123":{"start":{"line":124,"column":0},"end":{"line":124,"column":16}},"124":{"start":{"line":125,"column":0},"end":{"line":125,"column":15}},"125":{"start":{"line":126,"column":0},"end":{"line":126,"column":21}},"126":{"start":{"line":127,"column":0},"end":{"line":127,"column":45}},"127":{"start":{"line":128,"column":0},"end":{"line":128,"column":14}},"128":{"start":{"line":129,"column":0},"end":{"line":129,"column":13}},"129":{"start":{"line":130,"column":0},"end":{"line":130,"column":24}},"130":{"start":{"line":131,"column":0},"end":{"line":131,"column":14}},"131":{"start":{"line":132,"column":0},"end":{"line":132,"column":33}},"132":{"start":{"line":133,"column":0},"end":{"line":133,"column":30}},"133":{"start":{"line":134,"column":0},"end":{"line":134,"column":28}},"134":{"start":{"line":135,"column":0},"end":{"line":135,"column":16}},"135":{"start":{"line":136,"column":0},"end":{"line":136,"column":14}},"136":{"start":{"line":137,"column":0},"end":{"line":137,"column":12}},"137":{"start":{"line":138,"column":0},"end":{"line":138,"column":10}},"138":{"start":{"line":139,"column":0},"end":{"line":139,"column":9}},"139":{"start":{"line":140,"column":0},"end":{"line":140,"column":29}},"140":{"start":{"line":141,"column":0},"end":{"line":141,"column":17}},"141":{"start":{"line":142,"column":0},"end":{"line":142,"column":20}},"142":{"start":{"line":143,"column":0},"end":{"line":143,"column":18}},"143":{"start":{"line":144,"column":0},"end":{"line":144,"column":13}},"144":{"start":{"line":145,"column":0},"end":{"line":145,"column":45}},"145":{"start":{"line":146,"column":0},"end":{"line":146,"column":96}},"146":{"start":{"line":147,"column":0},"end":{"line":147,"column":45}},"147":{"start":{"line":148,"column":0},"end":{"line":148,"column":26}},"148":{"start":{"line":149,"column":0},"end":{"line":149,"column":14}},"149":{"start":{"line":150,"column":0},"end":{"line":150,"column":32}},"150":{"start":{"line":151,"column":0},"end":{"line":151,"column":29}},"151":{"start":{"line":152,"column":0},"end":{"line":152,"column":84}},"152":{"start":{"line":153,"column":0},"end":{"line":153,"column":33}},"153":{"start":{"line":154,"column":0},"end":{"line":154,"column":31}},"154":{"start":{"line":155,"column":0},"end":{"line":155,"column":26}},"155":{"start":{"line":156,"column":0},"end":{"line":156,"column":34}},"156":{"start":{"line":157,"column":0},"end":{"line":157,"column":40}},"157":{"start":{"line":158,"column":0},"end":{"line":158,"column":26}},"158":{"start":{"line":159,"column":0},"end":{"line":159,"column":31}},"159":{"start":{"line":160,"column":0},"end":{"line":160,"column":29}},"160":{"start":{"line":161,"column":0},"end":{"line":161,"column":25}},"161":{"start":{"line":162,"column":0},"end":{"line":162,"column":18}},"162":{"start":{"line":163,"column":0},"end":{"line":163,"column":16}},"163":{"start":{"line":164,"column":0},"end":{"line":164,"column":14}},"164":{"start":{"line":165,"column":0},"end":{"line":165,"column":13}},"165":{"start":{"line":166,"column":0},"end":{"line":166,"column":25}},"166":{"start":{"line":167,"column":0},"end":{"line":167,"column":21}},"167":{"start":{"line":168,"column":0},"end":{"line":168,"column":53}},"168":{"start":{"line":169,"column":0},"end":{"line":169,"column":27}},"169":{"start":{"line":170,"column":0},"end":{"line":170,"column":38}},"170":{"start":{"line":171,"column":0},"end":{"line":171,"column":30}},"171":{"start":{"line":172,"column":0},"end":{"line":172,"column":37}},"172":{"start":{"line":173,"column":0},"end":{"line":173,"column":31}},"173":{"start":{"line":174,"column":0},"end":{"line":174,"column":57}},"174":{"start":{"line":175,"column":0},"end":{"line":175,"column":22}},"175":{"start":{"line":176,"column":0},"end":{"line":176,"column":20}},"176":{"start":{"line":177,"column":0},"end":{"line":177,"column":19}},"177":{"start":{"line":178,"column":0},"end":{"line":178,"column":37}},"178":{"start":{"line":179,"column":0},"end":{"line":179,"column":30}},"179":{"start":{"line":180,"column":0},"end":{"line":180,"column":37}},"180":{"start":{"line":181,"column":0},"end":{"line":181,"column":31}},"181":{"start":{"line":182,"column":0},"end":{"line":182,"column":57}},"182":{"start":{"line":183,"column":0},"end":{"line":183,"column":22}},"183":{"start":{"line":184,"column":0},"end":{"line":184,"column":20}},"184":{"start":{"line":185,"column":0},"end":{"line":185,"column":18}},"185":{"start":{"line":186,"column":0},"end":{"line":186,"column":16}},"186":{"start":{"line":187,"column":0},"end":{"line":187,"column":15}},"187":{"start":{"line":188,"column":0},"end":{"line":188,"column":21}},"188":{"start":{"line":189,"column":0},"end":{"line":189,"column":52}},"189":{"start":{"line":190,"column":0},"end":{"line":190,"column":14}},"190":{"start":{"line":191,"column":0},"end":{"line":191,"column":13}},"191":{"start":{"line":192,"column":0},"end":{"line":192,"column":24}},"192":{"start":{"line":193,"column":0},"end":{"line":193,"column":14}},"193":{"start":{"line":194,"column":0},"end":{"line":194,"column":33}},"194":{"start":{"line":195,"column":0},"end":{"line":195,"column":30}},"195":{"start":{"line":196,"column":0},"end":{"line":196,"column":28}},"196":{"start":{"line":197,"column":0},"end":{"line":197,"column":16}},"197":{"start":{"line":198,"column":0},"end":{"line":198,"column":14}},"198":{"start":{"line":199,"column":0},"end":{"line":199,"column":12}},"199":{"start":{"line":200,"column":0},"end":{"line":200,"column":10}},"200":{"start":{"line":201,"column":0},"end":{"line":201,"column":9}},"201":{"start":{"line":202,"column":0},"end":{"line":202,"column":27}},"202":{"start":{"line":203,"column":0},"end":{"line":203,"column":17}},"203":{"start":{"line":204,"column":0},"end":{"line":204,"column":20}},"204":{"start":{"line":205,"column":0},"end":{"line":205,"column":18}},"205":{"start":{"line":206,"column":0},"end":{"line":206,"column":13}},"206":{"start":{"line":207,"column":0},"end":{"line":207,"column":43}},"207":{"start":{"line":208,"column":0},"end":{"line":208,"column":122}},"208":{"start":{"line":209,"column":0},"end":{"line":209,"column":43}},"209":{"start":{"line":210,"column":0},"end":{"line":210,"column":26}},"210":{"start":{"line":211,"column":0},"end":{"line":211,"column":14}},"211":{"start":{"line":212,"column":0},"end":{"line":212,"column":30}},"212":{"start":{"line":213,"column":0},"end":{"line":213,"column":29}},"213":{"start":{"line":214,"column":0},"end":{"line":214,"column":50}},"214":{"start":{"line":215,"column":0},"end":{"line":215,"column":33}},"215":{"start":{"line":216,"column":0},"end":{"line":216,"column":31}},"216":{"start":{"line":217,"column":0},"end":{"line":217,"column":26}},"217":{"start":{"line":218,"column":0},"end":{"line":218,"column":33}},"218":{"start":{"line":219,"column":0},"end":{"line":219,"column":27}},"219":{"start":{"line":220,"column":0},"end":{"line":220,"column":35}},"220":{"start":{"line":221,"column":0},"end":{"line":221,"column":18}},"221":{"start":{"line":222,"column":0},"end":{"line":222,"column":16}},"222":{"start":{"line":223,"column":0},"end":{"line":223,"column":14}},"223":{"start":{"line":224,"column":0},"end":{"line":224,"column":13}},"224":{"start":{"line":225,"column":0},"end":{"line":225,"column":25}},"225":{"start":{"line":226,"column":0},"end":{"line":226,"column":21}},"226":{"start":{"line":227,"column":0},"end":{"line":227,"column":53}},"227":{"start":{"line":228,"column":0},"end":{"line":228,"column":27}},"228":{"start":{"line":229,"column":0},"end":{"line":229,"column":38}},"229":{"start":{"line":230,"column":0},"end":{"line":230,"column":30}},"230":{"start":{"line":231,"column":0},"end":{"line":231,"column":37}},"231":{"start":{"line":232,"column":0},"end":{"line":232,"column":31}},"232":{"start":{"line":233,"column":0},"end":{"line":233,"column":57}},"233":{"start":{"line":234,"column":0},"end":{"line":234,"column":22}},"234":{"start":{"line":235,"column":0},"end":{"line":235,"column":20}},"235":{"start":{"line":236,"column":0},"end":{"line":236,"column":19}},"236":{"start":{"line":237,"column":0},"end":{"line":237,"column":37}},"237":{"start":{"line":238,"column":0},"end":{"line":238,"column":30}},"238":{"start":{"line":239,"column":0},"end":{"line":239,"column":37}},"239":{"start":{"line":240,"column":0},"end":{"line":240,"column":31}},"240":{"start":{"line":241,"column":0},"end":{"line":241,"column":57}},"241":{"start":{"line":242,"column":0},"end":{"line":242,"column":22}},"242":{"start":{"line":243,"column":0},"end":{"line":243,"column":20}},"243":{"start":{"line":244,"column":0},"end":{"line":244,"column":18}},"244":{"start":{"line":245,"column":0},"end":{"line":245,"column":16}},"245":{"start":{"line":246,"column":0},"end":{"line":246,"column":15}},"246":{"start":{"line":247,"column":0},"end":{"line":247,"column":21}},"247":{"start":{"line":248,"column":0},"end":{"line":248,"column":49}},"248":{"start":{"line":249,"column":0},"end":{"line":249,"column":14}},"249":{"start":{"line":250,"column":0},"end":{"line":250,"column":13}},"250":{"start":{"line":251,"column":0},"end":{"line":251,"column":24}},"251":{"start":{"line":252,"column":0},"end":{"line":252,"column":14}},"252":{"start":{"line":253,"column":0},"end":{"line":253,"column":33}},"253":{"start":{"line":254,"column":0},"end":{"line":254,"column":30}},"254":{"start":{"line":255,"column":0},"end":{"line":255,"column":28}},"255":{"start":{"line":256,"column":0},"end":{"line":256,"column":16}},"256":{"start":{"line":257,"column":0},"end":{"line":257,"column":14}},"257":{"start":{"line":258,"column":0},"end":{"line":258,"column":12}},"258":{"start":{"line":259,"column":0},"end":{"line":259,"column":10}},"259":{"start":{"line":260,"column":0},"end":{"line":260,"column":9}},"260":{"start":{"line":261,"column":0},"end":{"line":261,"column":24}},"261":{"start":{"line":262,"column":0},"end":{"line":262,"column":17}},"262":{"start":{"line":263,"column":0},"end":{"line":263,"column":20}},"263":{"start":{"line":264,"column":0},"end":{"line":264,"column":18}},"264":{"start":{"line":265,"column":0},"end":{"line":265,"column":13}},"265":{"start":{"line":266,"column":0},"end":{"line":266,"column":39}},"266":{"start":{"line":267,"column":0},"end":{"line":267,"column":49}},"267":{"start":{"line":268,"column":0},"end":{"line":268,"column":39}},"268":{"start":{"line":269,"column":0},"end":{"line":269,"column":26}},"269":{"start":{"line":270,"column":0},"end":{"line":270,"column":14}},"270":{"start":{"line":271,"column":0},"end":{"line":271,"column":31}},"271":{"start":{"line":272,"column":0},"end":{"line":272,"column":28}},"272":{"start":{"line":273,"column":0},"end":{"line":273,"column":52}},"273":{"start":{"line":274,"column":0},"end":{"line":274,"column":32}},"274":{"start":{"line":275,"column":0},"end":{"line":275,"column":26}},"275":{"start":{"line":276,"column":0},"end":{"line":276,"column":35}},"276":{"start":{"line":277,"column":0},"end":{"line":277,"column":34}},"277":{"start":{"line":278,"column":0},"end":{"line":278,"column":16}},"278":{"start":{"line":279,"column":0},"end":{"line":279,"column":14}},"279":{"start":{"line":280,"column":0},"end":{"line":280,"column":13}},"280":{"start":{"line":281,"column":0},"end":{"line":281,"column":25}},"281":{"start":{"line":282,"column":0},"end":{"line":282,"column":21}},"282":{"start":{"line":283,"column":0},"end":{"line":283,"column":53}},"283":{"start":{"line":284,"column":0},"end":{"line":284,"column":27}},"284":{"start":{"line":285,"column":0},"end":{"line":285,"column":38}},"285":{"start":{"line":286,"column":0},"end":{"line":286,"column":30}},"286":{"start":{"line":287,"column":0},"end":{"line":287,"column":55}},"287":{"start":{"line":288,"column":0},"end":{"line":288,"column":20}},"288":{"start":{"line":289,"column":0},"end":{"line":289,"column":19}},"289":{"start":{"line":290,"column":0},"end":{"line":290,"column":37}},"290":{"start":{"line":291,"column":0},"end":{"line":291,"column":30}},"291":{"start":{"line":292,"column":0},"end":{"line":292,"column":55}},"292":{"start":{"line":293,"column":0},"end":{"line":293,"column":20}},"293":{"start":{"line":294,"column":0},"end":{"line":294,"column":18}},"294":{"start":{"line":295,"column":0},"end":{"line":295,"column":16}},"295":{"start":{"line":296,"column":0},"end":{"line":296,"column":15}},"296":{"start":{"line":297,"column":0},"end":{"line":297,"column":21}},"297":{"start":{"line":298,"column":0},"end":{"line":298,"column":51}},"298":{"start":{"line":299,"column":0},"end":{"line":299,"column":15}},"299":{"start":{"line":300,"column":0},"end":{"line":300,"column":21}},"300":{"start":{"line":301,"column":0},"end":{"line":301,"column":45}},"301":{"start":{"line":302,"column":0},"end":{"line":302,"column":14}},"302":{"start":{"line":303,"column":0},"end":{"line":303,"column":13}},"303":{"start":{"line":304,"column":0},"end":{"line":304,"column":24}},"304":{"start":{"line":305,"column":0},"end":{"line":305,"column":14}},"305":{"start":{"line":306,"column":0},"end":{"line":306,"column":28}},"306":{"start":{"line":307,"column":0},"end":{"line":307,"column":15}},"307":{"start":{"line":308,"column":0},"end":{"line":308,"column":14}},"308":{"start":{"line":309,"column":0},"end":{"line":309,"column":33}},"309":{"start":{"line":310,"column":0},"end":{"line":310,"column":30}},"310":{"start":{"line":311,"column":0},"end":{"line":311,"column":28}},"311":{"start":{"line":312,"column":0},"end":{"line":312,"column":16}},"312":{"start":{"line":313,"column":0},"end":{"line":313,"column":14}},"313":{"start":{"line":314,"column":0},"end":{"line":314,"column":12}},"314":{"start":{"line":315,"column":0},"end":{"line":315,"column":11}},"315":{"start":{"line":316,"column":0},"end":{"line":316,"column":18}},"316":{"start":{"line":317,"column":0},"end":{"line":317,"column":20}},"317":{"start":{"line":318,"column":0},"end":{"line":318,"column":18}},"318":{"start":{"line":319,"column":0},"end":{"line":319,"column":13}},"319":{"start":{"line":320,"column":0},"end":{"line":320,"column":66}},"320":{"start":{"line":321,"column":0},"end":{"line":321,"column":29}},"321":{"start":{"line":322,"column":0},"end":{"line":322,"column":46}},"322":{"start":{"line":323,"column":0},"end":{"line":323,"column":26}},"323":{"start":{"line":324,"column":0},"end":{"line":324,"column":14}},"324":{"start":{"line":325,"column":0},"end":{"line":325,"column":31}},"325":{"start":{"line":326,"column":0},"end":{"line":326,"column":28}},"326":{"start":{"line":327,"column":0},"end":{"line":327,"column":67}},"327":{"start":{"line":328,"column":0},"end":{"line":328,"column":32}},"328":{"start":{"line":329,"column":0},"end":{"line":329,"column":26}},"329":{"start":{"line":330,"column":0},"end":{"line":330,"column":35}},"330":{"start":{"line":331,"column":0},"end":{"line":331,"column":34}},"331":{"start":{"line":332,"column":0},"end":{"line":332,"column":16}},"332":{"start":{"line":333,"column":0},"end":{"line":333,"column":15}},"333":{"start":{"line":334,"column":0},"end":{"line":334,"column":14}},"334":{"start":{"line":335,"column":0},"end":{"line":335,"column":30}},"335":{"start":{"line":336,"column":0},"end":{"line":336,"column":29}},"336":{"start":{"line":337,"column":0},"end":{"line":337,"column":69}},"337":{"start":{"line":338,"column":0},"end":{"line":338,"column":26}},"338":{"start":{"line":339,"column":0},"end":{"line":339,"column":33}},"339":{"start":{"line":340,"column":0},"end":{"line":340,"column":16}},"340":{"start":{"line":341,"column":0},"end":{"line":341,"column":15}},"341":{"start":{"line":342,"column":0},"end":{"line":342,"column":14}},"342":{"start":{"line":343,"column":0},"end":{"line":343,"column":32}},"343":{"start":{"line":344,"column":0},"end":{"line":344,"column":29}},"344":{"start":{"line":345,"column":0},"end":{"line":345,"column":71}},"345":{"start":{"line":346,"column":0},"end":{"line":346,"column":26}},"346":{"start":{"line":347,"column":0},"end":{"line":347,"column":33}},"347":{"start":{"line":348,"column":0},"end":{"line":348,"column":16}},"348":{"start":{"line":349,"column":0},"end":{"line":349,"column":14}},"349":{"start":{"line":350,"column":0},"end":{"line":350,"column":13}},"350":{"start":{"line":351,"column":0},"end":{"line":351,"column":25}},"351":{"start":{"line":352,"column":0},"end":{"line":352,"column":21}},"352":{"start":{"line":353,"column":0},"end":{"line":353,"column":45}},"353":{"start":{"line":354,"column":0},"end":{"line":354,"column":14}},"354":{"start":{"line":355,"column":0},"end":{"line":355,"column":13}},"355":{"start":{"line":356,"column":0},"end":{"line":356,"column":24}},"356":{"start":{"line":357,"column":0},"end":{"line":357,"column":14}},"357":{"start":{"line":358,"column":0},"end":{"line":358,"column":33}},"358":{"start":{"line":359,"column":0},"end":{"line":359,"column":30}},"359":{"start":{"line":360,"column":0},"end":{"line":360,"column":28}},"360":{"start":{"line":361,"column":0},"end":{"line":361,"column":16}},"361":{"start":{"line":362,"column":0},"end":{"line":362,"column":14}},"362":{"start":{"line":363,"column":0},"end":{"line":363,"column":12}},"363":{"start":{"line":364,"column":0},"end":{"line":364,"column":11}},"364":{"start":{"line":365,"column":0},"end":{"line":365,"column":20}},"365":{"start":{"line":366,"column":0},"end":{"line":366,"column":20}},"366":{"start":{"line":367,"column":0},"end":{"line":367,"column":18}},"367":{"start":{"line":368,"column":0},"end":{"line":368,"column":13}},"368":{"start":{"line":369,"column":0},"end":{"line":369,"column":38}},"369":{"start":{"line":370,"column":0},"end":{"line":370,"column":41}},"370":{"start":{"line":371,"column":0},"end":{"line":371,"column":38}},"371":{"start":{"line":372,"column":0},"end":{"line":372,"column":26}},"372":{"start":{"line":373,"column":0},"end":{"line":373,"column":14}},"373":{"start":{"line":374,"column":0},"end":{"line":374,"column":33}},"374":{"start":{"line":375,"column":0},"end":{"line":375,"column":30}},"375":{"start":{"line":376,"column":0},"end":{"line":376,"column":33}},"376":{"start":{"line":377,"column":0},"end":{"line":377,"column":33}},"377":{"start":{"line":378,"column":0},"end":{"line":378,"column":26}},"378":{"start":{"line":379,"column":0},"end":{"line":379,"column":33}},"379":{"start":{"line":380,"column":0},"end":{"line":380,"column":16}},"380":{"start":{"line":381,"column":0},"end":{"line":381,"column":15}},"381":{"start":{"line":382,"column":0},"end":{"line":382,"column":14}},"382":{"start":{"line":383,"column":0},"end":{"line":383,"column":31}},"383":{"start":{"line":384,"column":0},"end":{"line":384,"column":28}},"384":{"start":{"line":385,"column":0},"end":{"line":385,"column":49}},"385":{"start":{"line":386,"column":0},"end":{"line":386,"column":32}},"386":{"start":{"line":387,"column":0},"end":{"line":387,"column":26}},"387":{"start":{"line":388,"column":0},"end":{"line":388,"column":35}},"388":{"start":{"line":389,"column":0},"end":{"line":389,"column":34}},"389":{"start":{"line":390,"column":0},"end":{"line":390,"column":16}},"390":{"start":{"line":391,"column":0},"end":{"line":391,"column":14}},"391":{"start":{"line":392,"column":0},"end":{"line":392,"column":13}},"392":{"start":{"line":393,"column":0},"end":{"line":393,"column":25}},"393":{"start":{"line":394,"column":0},"end":{"line":394,"column":21}},"394":{"start":{"line":395,"column":0},"end":{"line":395,"column":49}},"395":{"start":{"line":396,"column":0},"end":{"line":396,"column":14}},"396":{"start":{"line":397,"column":0},"end":{"line":397,"column":13}},"397":{"start":{"line":398,"column":0},"end":{"line":398,"column":24}},"398":{"start":{"line":399,"column":0},"end":{"line":399,"column":14}},"399":{"start":{"line":400,"column":0},"end":{"line":400,"column":33}},"400":{"start":{"line":401,"column":0},"end":{"line":401,"column":30}},"401":{"start":{"line":402,"column":0},"end":{"line":402,"column":28}},"402":{"start":{"line":403,"column":0},"end":{"line":403,"column":16}},"403":{"start":{"line":404,"column":0},"end":{"line":404,"column":14}},"404":{"start":{"line":405,"column":0},"end":{"line":405,"column":12}},"405":{"start":{"line":406,"column":0},"end":{"line":406,"column":10}},"406":{"start":{"line":407,"column":0},"end":{"line":407,"column":9}},"407":{"start":{"line":408,"column":0},"end":{"line":408,"column":36}},"408":{"start":{"line":409,"column":0},"end":{"line":409,"column":18}},"409":{"start":{"line":410,"column":0},"end":{"line":410,"column":20}},"410":{"start":{"line":411,"column":0},"end":{"line":411,"column":18}},"411":{"start":{"line":412,"column":0},"end":{"line":412,"column":13}},"412":{"start":{"line":413,"column":0},"end":{"line":413,"column":41}},"413":{"start":{"line":414,"column":0},"end":{"line":414,"column":29}},"414":{"start":{"line":415,"column":0},"end":{"line":415,"column":39}},"415":{"start":{"line":416,"column":0},"end":{"line":416,"column":26}},"416":{"start":{"line":417,"column":0},"end":{"line":417,"column":14}},"417":{"start":{"line":418,"column":0},"end":{"line":418,"column":31}},"418":{"start":{"line":419,"column":0},"end":{"line":419,"column":28}},"419":{"start":{"line":420,"column":0},"end":{"line":420,"column":52}},"420":{"start":{"line":421,"column":0},"end":{"line":421,"column":32}},"421":{"start":{"line":422,"column":0},"end":{"line":422,"column":26}},"422":{"start":{"line":423,"column":0},"end":{"line":423,"column":35}},"423":{"start":{"line":424,"column":0},"end":{"line":424,"column":34}},"424":{"start":{"line":425,"column":0},"end":{"line":425,"column":16}},"425":{"start":{"line":426,"column":0},"end":{"line":426,"column":15}},"426":{"start":{"line":427,"column":0},"end":{"line":427,"column":14}},"427":{"start":{"line":428,"column":0},"end":{"line":428,"column":44}},"428":{"start":{"line":429,"column":0},"end":{"line":429,"column":29}},"429":{"start":{"line":430,"column":0},"end":{"line":430,"column":52}},"430":{"start":{"line":431,"column":0},"end":{"line":431,"column":33}},"431":{"start":{"line":432,"column":0},"end":{"line":432,"column":26}},"432":{"start":{"line":433,"column":0},"end":{"line":433,"column":33}},"433":{"start":{"line":434,"column":0},"end":{"line":434,"column":16}},"434":{"start":{"line":435,"column":0},"end":{"line":435,"column":14}},"435":{"start":{"line":436,"column":0},"end":{"line":436,"column":13}},"436":{"start":{"line":437,"column":0},"end":{"line":437,"column":27}},"437":{"start":{"line":438,"column":0},"end":{"line":438,"column":25}},"438":{"start":{"line":439,"column":0},"end":{"line":439,"column":44}},"439":{"start":{"line":440,"column":0},"end":{"line":440,"column":28}},"440":{"start":{"line":441,"column":0},"end":{"line":441,"column":36}},"441":{"start":{"line":442,"column":0},"end":{"line":442,"column":37}},"442":{"start":{"line":443,"column":0},"end":{"line":443,"column":18}},"443":{"start":{"line":444,"column":0},"end":{"line":444,"column":16}},"444":{"start":{"line":445,"column":0},"end":{"line":445,"column":14}},"445":{"start":{"line":446,"column":0},"end":{"line":446,"column":13}},"446":{"start":{"line":447,"column":0},"end":{"line":447,"column":25}},"447":{"start":{"line":448,"column":0},"end":{"line":448,"column":21}},"448":{"start":{"line":449,"column":0},"end":{"line":449,"column":53}},"449":{"start":{"line":450,"column":0},"end":{"line":450,"column":27}},"450":{"start":{"line":451,"column":0},"end":{"line":451,"column":38}},"451":{"start":{"line":452,"column":0},"end":{"line":452,"column":30}},"452":{"start":{"line":453,"column":0},"end":{"line":453,"column":63}},"453":{"start":{"line":454,"column":0},"end":{"line":454,"column":20}},"454":{"start":{"line":455,"column":0},"end":{"line":455,"column":18}},"455":{"start":{"line":456,"column":0},"end":{"line":456,"column":16}},"456":{"start":{"line":457,"column":0},"end":{"line":457,"column":14}},"457":{"start":{"line":458,"column":0},"end":{"line":458,"column":13}},"458":{"start":{"line":459,"column":0},"end":{"line":459,"column":24}},"459":{"start":{"line":460,"column":0},"end":{"line":460,"column":14}},"460":{"start":{"line":461,"column":0},"end":{"line":461,"column":33}},"461":{"start":{"line":462,"column":0},"end":{"line":462,"column":30}},"462":{"start":{"line":463,"column":0},"end":{"line":463,"column":28}},"463":{"start":{"line":464,"column":0},"end":{"line":464,"column":16}},"464":{"start":{"line":465,"column":0},"end":{"line":465,"column":14}},"465":{"start":{"line":466,"column":0},"end":{"line":466,"column":12}},"466":{"start":{"line":467,"column":0},"end":{"line":467,"column":10}},"467":{"start":{"line":468,"column":0},"end":{"line":468,"column":9}},"468":{"start":{"line":469,"column":0},"end":{"line":469,"column":28}},"469":{"start":{"line":470,"column":0},"end":{"line":470,"column":17}},"470":{"start":{"line":471,"column":0},"end":{"line":471,"column":20}},"471":{"start":{"line":472,"column":0},"end":{"line":472,"column":20}},"472":{"start":{"line":473,"column":0},"end":{"line":473,"column":13}},"473":{"start":{"line":474,"column":0},"end":{"line":474,"column":58}},"474":{"start":{"line":475,"column":0},"end":{"line":475,"column":72}},"475":{"start":{"line":476,"column":0},"end":{"line":476,"column":41}},"476":{"start":{"line":477,"column":0},"end":{"line":477,"column":25}},"477":{"start":{"line":478,"column":0},"end":{"line":478,"column":21}},"478":{"start":{"line":479,"column":0},"end":{"line":479,"column":53}},"479":{"start":{"line":480,"column":0},"end":{"line":480,"column":27}},"480":{"start":{"line":481,"column":0},"end":{"line":481,"column":38}},"481":{"start":{"line":482,"column":0},"end":{"line":482,"column":30}},"482":{"start":{"line":483,"column":0},"end":{"line":483,"column":38}},"483":{"start":{"line":484,"column":0},"end":{"line":484,"column":46}},"484":{"start":{"line":485,"column":0},"end":{"line":485,"column":41}},"485":{"start":{"line":486,"column":0},"end":{"line":486,"column":40}},"486":{"start":{"line":487,"column":0},"end":{"line":487,"column":22}},"487":{"start":{"line":488,"column":0},"end":{"line":488,"column":20}},"488":{"start":{"line":489,"column":0},"end":{"line":489,"column":18}},"489":{"start":{"line":490,"column":0},"end":{"line":490,"column":16}},"490":{"start":{"line":491,"column":0},"end":{"line":491,"column":14}},"491":{"start":{"line":492,"column":0},"end":{"line":492,"column":13}},"492":{"start":{"line":493,"column":0},"end":{"line":493,"column":24}},"493":{"start":{"line":494,"column":0},"end":{"line":494,"column":14}},"494":{"start":{"line":495,"column":0},"end":{"line":495,"column":28}},"495":{"start":{"line":496,"column":0},"end":{"line":496,"column":14}},"496":{"start":{"line":497,"column":0},"end":{"line":497,"column":12}},"497":{"start":{"line":498,"column":0},"end":{"line":498,"column":10}},"498":{"start":{"line":499,"column":0},"end":{"line":499,"column":9}},"499":{"start":{"line":500,"column":0},"end":{"line":500,"column":24}},"500":{"start":{"line":501,"column":0},"end":{"line":501,"column":18}},"501":{"start":{"line":502,"column":0},"end":{"line":502,"column":20}},"502":{"start":{"line":503,"column":0},"end":{"line":503,"column":20}},"503":{"start":{"line":504,"column":0},"end":{"line":504,"column":13}},"504":{"start":{"line":505,"column":0},"end":{"line":505,"column":49}},"505":{"start":{"line":506,"column":0},"end":{"line":506,"column":59}},"506":{"start":{"line":507,"column":0},"end":{"line":507,"column":39}},"507":{"start":{"line":508,"column":0},"end":{"line":508,"column":27}},"508":{"start":{"line":509,"column":0},"end":{"line":509,"column":25}},"509":{"start":{"line":510,"column":0},"end":{"line":510,"column":36}},"510":{"start":{"line":511,"column":0},"end":{"line":511,"column":28}},"511":{"start":{"line":512,"column":0},"end":{"line":512,"column":55}},"512":{"start":{"line":513,"column":0},"end":{"line":513,"column":18}},"513":{"start":{"line":514,"column":0},"end":{"line":514,"column":17}},"514":{"start":{"line":515,"column":0},"end":{"line":515,"column":35}},"515":{"start":{"line":516,"column":0},"end":{"line":516,"column":28}},"516":{"start":{"line":517,"column":0},"end":{"line":517,"column":55}},"517":{"start":{"line":518,"column":0},"end":{"line":518,"column":18}},"518":{"start":{"line":519,"column":0},"end":{"line":519,"column":17}},"519":{"start":{"line":520,"column":0},"end":{"line":520,"column":53}},"520":{"start":{"line":521,"column":0},"end":{"line":521,"column":28}},"521":{"start":{"line":522,"column":0},"end":{"line":522,"column":55}},"522":{"start":{"line":523,"column":0},"end":{"line":523,"column":18}},"523":{"start":{"line":524,"column":0},"end":{"line":524,"column":16}},"524":{"start":{"line":525,"column":0},"end":{"line":525,"column":14}},"525":{"start":{"line":526,"column":0},"end":{"line":526,"column":13}},"526":{"start":{"line":527,"column":0},"end":{"line":527,"column":25}},"527":{"start":{"line":528,"column":0},"end":{"line":528,"column":21}},"528":{"start":{"line":529,"column":0},"end":{"line":529,"column":53}},"529":{"start":{"line":530,"column":0},"end":{"line":530,"column":27}},"530":{"start":{"line":531,"column":0},"end":{"line":531,"column":38}},"531":{"start":{"line":532,"column":0},"end":{"line":532,"column":30}},"532":{"start":{"line":533,"column":0},"end":{"line":533,"column":57}},"533":{"start":{"line":534,"column":0},"end":{"line":534,"column":20}},"534":{"start":{"line":535,"column":0},"end":{"line":535,"column":18}},"535":{"start":{"line":536,"column":0},"end":{"line":536,"column":16}},"536":{"start":{"line":537,"column":0},"end":{"line":537,"column":15}},"537":{"start":{"line":538,"column":0},"end":{"line":538,"column":21}},"538":{"start":{"line":539,"column":0},"end":{"line":539,"column":45}},"539":{"start":{"line":540,"column":0},"end":{"line":540,"column":14}},"540":{"start":{"line":541,"column":0},"end":{"line":541,"column":12}},"541":{"start":{"line":542,"column":0},"end":{"line":542,"column":10}},"542":{"start":{"line":543,"column":0},"end":{"line":543,"column":9}},"543":{"start":{"line":544,"column":0},"end":{"line":544,"column":34}},"544":{"start":{"line":545,"column":0},"end":{"line":545,"column":17}},"545":{"start":{"line":546,"column":0},"end":{"line":546,"column":20}},"546":{"start":{"line":547,"column":0},"end":{"line":547,"column":20}},"547":{"start":{"line":548,"column":0},"end":{"line":548,"column":13}},"548":{"start":{"line":549,"column":0},"end":{"line":549,"column":50}},"549":{"start":{"line":550,"column":0},"end":{"line":550,"column":127}},"550":{"start":{"line":551,"column":0},"end":{"line":551,"column":41}},"551":{"start":{"line":552,"column":0},"end":{"line":552,"column":26}},"552":{"start":{"line":553,"column":0},"end":{"line":553,"column":14}},"553":{"start":{"line":554,"column":0},"end":{"line":554,"column":33}},"554":{"start":{"line":555,"column":0},"end":{"line":555,"column":28}},"555":{"start":{"line":556,"column":0},"end":{"line":556,"column":69}},"556":{"start":{"line":557,"column":0},"end":{"line":557,"column":32}},"557":{"start":{"line":558,"column":0},"end":{"line":558,"column":26}},"558":{"start":{"line":559,"column":0},"end":{"line":559,"column":35}},"559":{"start":{"line":560,"column":0},"end":{"line":560,"column":34}},"560":{"start":{"line":561,"column":0},"end":{"line":561,"column":16}},"561":{"start":{"line":562,"column":0},"end":{"line":562,"column":14}},"562":{"start":{"line":563,"column":0},"end":{"line":563,"column":13}},"563":{"start":{"line":564,"column":0},"end":{"line":564,"column":25}},"564":{"start":{"line":565,"column":0},"end":{"line":565,"column":21}},"565":{"start":{"line":566,"column":0},"end":{"line":566,"column":53}},"566":{"start":{"line":567,"column":0},"end":{"line":567,"column":27}},"567":{"start":{"line":568,"column":0},"end":{"line":568,"column":38}},"568":{"start":{"line":569,"column":0},"end":{"line":569,"column":30}},"569":{"start":{"line":570,"column":0},"end":{"line":570,"column":57}},"570":{"start":{"line":571,"column":0},"end":{"line":571,"column":20}},"571":{"start":{"line":572,"column":0},"end":{"line":572,"column":19}},"572":{"start":{"line":573,"column":0},"end":{"line":573,"column":37}},"573":{"start":{"line":574,"column":0},"end":{"line":574,"column":30}},"574":{"start":{"line":575,"column":0},"end":{"line":575,"column":57}},"575":{"start":{"line":576,"column":0},"end":{"line":576,"column":20}},"576":{"start":{"line":577,"column":0},"end":{"line":577,"column":18}},"577":{"start":{"line":578,"column":0},"end":{"line":578,"column":16}},"578":{"start":{"line":579,"column":0},"end":{"line":579,"column":15}},"579":{"start":{"line":580,"column":0},"end":{"line":580,"column":21}},"580":{"start":{"line":581,"column":0},"end":{"line":581,"column":51}},"581":{"start":{"line":582,"column":0},"end":{"line":582,"column":15}},"582":{"start":{"line":583,"column":0},"end":{"line":583,"column":21}},"583":{"start":{"line":584,"column":0},"end":{"line":584,"column":47}},"584":{"start":{"line":585,"column":0},"end":{"line":585,"column":14}},"585":{"start":{"line":586,"column":0},"end":{"line":586,"column":12}},"586":{"start":{"line":587,"column":0},"end":{"line":587,"column":11}},"587":{"start":{"line":588,"column":0},"end":{"line":588,"column":20}},"588":{"start":{"line":589,"column":0},"end":{"line":589,"column":20}},"589":{"start":{"line":590,"column":0},"end":{"line":590,"column":20}},"590":{"start":{"line":591,"column":0},"end":{"line":591,"column":13}},"591":{"start":{"line":592,"column":0},"end":{"line":592,"column":52}},"592":{"start":{"line":593,"column":0},"end":{"line":593,"column":142}},"593":{"start":{"line":594,"column":0},"end":{"line":594,"column":40}},"594":{"start":{"line":595,"column":0},"end":{"line":595,"column":26}},"595":{"start":{"line":596,"column":0},"end":{"line":596,"column":14}},"596":{"start":{"line":597,"column":0},"end":{"line":597,"column":33}},"597":{"start":{"line":598,"column":0},"end":{"line":598,"column":28}},"598":{"start":{"line":599,"column":0},"end":{"line":599,"column":73}},"599":{"start":{"line":600,"column":0},"end":{"line":600,"column":32}},"600":{"start":{"line":601,"column":0},"end":{"line":601,"column":26}},"601":{"start":{"line":602,"column":0},"end":{"line":602,"column":35}},"602":{"start":{"line":603,"column":0},"end":{"line":603,"column":34}},"603":{"start":{"line":604,"column":0},"end":{"line":604,"column":16}},"604":{"start":{"line":605,"column":0},"end":{"line":605,"column":14}},"605":{"start":{"line":606,"column":0},"end":{"line":606,"column":13}},"606":{"start":{"line":607,"column":0},"end":{"line":607,"column":25}},"607":{"start":{"line":608,"column":0},"end":{"line":608,"column":21}},"608":{"start":{"line":609,"column":0},"end":{"line":609,"column":51}},"609":{"start":{"line":610,"column":0},"end":{"line":610,"column":15}},"610":{"start":{"line":611,"column":0},"end":{"line":611,"column":21}},"611":{"start":{"line":612,"column":0},"end":{"line":612,"column":47}},"612":{"start":{"line":613,"column":0},"end":{"line":613,"column":14}},"613":{"start":{"line":614,"column":0},"end":{"line":614,"column":12}},"614":{"start":{"line":615,"column":0},"end":{"line":615,"column":10}},"615":{"start":{"line":616,"column":0},"end":{"line":616,"column":9}},"616":{"start":{"line":617,"column":0},"end":{"line":617,"column":17}},"617":{"start":{"line":618,"column":0},"end":{"line":618,"column":18}},"618":{"start":{"line":619,"column":0},"end":{"line":619,"column":20}},"619":{"start":{"line":620,"column":0},"end":{"line":620,"column":19}},"620":{"start":{"line":621,"column":0},"end":{"line":621,"column":13}},"621":{"start":{"line":622,"column":0},"end":{"line":622,"column":36}},"622":{"start":{"line":623,"column":0},"end":{"line":623,"column":73}},"623":{"start":{"line":624,"column":0},"end":{"line":624,"column":39}},"624":{"start":{"line":625,"column":0},"end":{"line":625,"column":27}},"625":{"start":{"line":626,"column":0},"end":{"line":626,"column":50}},"626":{"start":{"line":627,"column":0},"end":{"line":627,"column":25}},"627":{"start":{"line":628,"column":0},"end":{"line":628,"column":36}},"628":{"start":{"line":629,"column":0},"end":{"line":629,"column":28}},"629":{"start":{"line":630,"column":0},"end":{"line":630,"column":54}},"630":{"start":{"line":631,"column":0},"end":{"line":631,"column":18}},"631":{"start":{"line":632,"column":0},"end":{"line":632,"column":17}},"632":{"start":{"line":633,"column":0},"end":{"line":633,"column":35}},"633":{"start":{"line":634,"column":0},"end":{"line":634,"column":28}},"634":{"start":{"line":635,"column":0},"end":{"line":635,"column":54}},"635":{"start":{"line":636,"column":0},"end":{"line":636,"column":18}},"636":{"start":{"line":637,"column":0},"end":{"line":637,"column":17}},"637":{"start":{"line":638,"column":0},"end":{"line":638,"column":53}},"638":{"start":{"line":639,"column":0},"end":{"line":639,"column":28}},"639":{"start":{"line":640,"column":0},"end":{"line":640,"column":54}},"640":{"start":{"line":641,"column":0},"end":{"line":641,"column":18}},"641":{"start":{"line":642,"column":0},"end":{"line":642,"column":16}},"642":{"start":{"line":643,"column":0},"end":{"line":643,"column":14}},"643":{"start":{"line":644,"column":0},"end":{"line":644,"column":13}},"644":{"start":{"line":645,"column":0},"end":{"line":645,"column":25}},"645":{"start":{"line":646,"column":0},"end":{"line":646,"column":25}},"646":{"start":{"line":647,"column":0},"end":{"line":647,"column":53}},"647":{"start":{"line":648,"column":0},"end":{"line":648,"column":27}},"648":{"start":{"line":649,"column":0},"end":{"line":649,"column":38}},"649":{"start":{"line":650,"column":0},"end":{"line":650,"column":30}},"650":{"start":{"line":651,"column":0},"end":{"line":651,"column":56}},"651":{"start":{"line":652,"column":0},"end":{"line":652,"column":20}},"652":{"start":{"line":653,"column":0},"end":{"line":653,"column":19}},"653":{"start":{"line":654,"column":0},"end":{"line":654,"column":37}},"654":{"start":{"line":655,"column":0},"end":{"line":655,"column":30}},"655":{"start":{"line":656,"column":0},"end":{"line":656,"column":56}},"656":{"start":{"line":657,"column":0},"end":{"line":657,"column":20}},"657":{"start":{"line":658,"column":0},"end":{"line":658,"column":18}},"658":{"start":{"line":659,"column":0},"end":{"line":659,"column":16}},"659":{"start":{"line":660,"column":0},"end":{"line":660,"column":14}},"660":{"start":{"line":661,"column":0},"end":{"line":661,"column":12}},"661":{"start":{"line":662,"column":0},"end":{"line":662,"column":10}},"662":{"start":{"line":663,"column":0},"end":{"line":663,"column":9}},"663":{"start":{"line":664,"column":0},"end":{"line":664,"column":32}},"664":{"start":{"line":665,"column":0},"end":{"line":665,"column":18}},"665":{"start":{"line":666,"column":0},"end":{"line":666,"column":20}},"666":{"start":{"line":667,"column":0},"end":{"line":667,"column":19}},"667":{"start":{"line":668,"column":0},"end":{"line":668,"column":13}},"668":{"start":{"line":669,"column":0},"end":{"line":669,"column":69}},"669":{"start":{"line":670,"column":0},"end":{"line":670,"column":73}},"670":{"start":{"line":671,"column":0},"end":{"line":671,"column":53}},"671":{"start":{"line":672,"column":0},"end":{"line":672,"column":27}},"672":{"start":{"line":673,"column":0},"end":{"line":673,"column":25}},"673":{"start":{"line":674,"column":0},"end":{"line":674,"column":36}},"674":{"start":{"line":675,"column":0},"end":{"line":675,"column":28}},"675":{"start":{"line":676,"column":0},"end":{"line":676,"column":35}},"676":{"start":{"line":677,"column":0},"end":{"line":677,"column":29}},"677":{"start":{"line":678,"column":0},"end":{"line":678,"column":56}},"678":{"start":{"line":679,"column":0},"end":{"line":679,"column":20}},"679":{"start":{"line":680,"column":0},"end":{"line":680,"column":18}},"680":{"start":{"line":681,"column":0},"end":{"line":681,"column":16}},"681":{"start":{"line":682,"column":0},"end":{"line":682,"column":14}},"682":{"start":{"line":683,"column":0},"end":{"line":683,"column":13}},"683":{"start":{"line":684,"column":0},"end":{"line":684,"column":25}},"684":{"start":{"line":685,"column":0},"end":{"line":685,"column":21}},"685":{"start":{"line":686,"column":0},"end":{"line":686,"column":53}},"686":{"start":{"line":687,"column":0},"end":{"line":687,"column":27}},"687":{"start":{"line":688,"column":0},"end":{"line":688,"column":38}},"688":{"start":{"line":689,"column":0},"end":{"line":689,"column":30}},"689":{"start":{"line":690,"column":0},"end":{"line":690,"column":56}},"690":{"start":{"line":691,"column":0},"end":{"line":691,"column":20}},"691":{"start":{"line":692,"column":0},"end":{"line":692,"column":19}},"692":{"start":{"line":693,"column":0},"end":{"line":693,"column":37}},"693":{"start":{"line":694,"column":0},"end":{"line":694,"column":30}},"694":{"start":{"line":695,"column":0},"end":{"line":695,"column":56}},"695":{"start":{"line":696,"column":0},"end":{"line":696,"column":20}},"696":{"start":{"line":697,"column":0},"end":{"line":697,"column":18}},"697":{"start":{"line":698,"column":0},"end":{"line":698,"column":16}},"698":{"start":{"line":699,"column":0},"end":{"line":699,"column":15}},"699":{"start":{"line":700,"column":0},"end":{"line":700,"column":25}},"700":{"start":{"line":701,"column":0},"end":{"line":701,"column":52}},"701":{"start":{"line":702,"column":0},"end":{"line":702,"column":14}},"702":{"start":{"line":703,"column":0},"end":{"line":703,"column":12}},"703":{"start":{"line":704,"column":0},"end":{"line":704,"column":10}},"704":{"start":{"line":705,"column":0},"end":{"line":705,"column":9}},"705":{"start":{"line":706,"column":0},"end":{"line":706,"column":23}},"706":{"start":{"line":707,"column":0},"end":{"line":707,"column":17}},"707":{"start":{"line":708,"column":0},"end":{"line":708,"column":20}},"708":{"start":{"line":709,"column":0},"end":{"line":709,"column":19}},"709":{"start":{"line":710,"column":0},"end":{"line":710,"column":13}},"710":{"start":{"line":711,"column":0},"end":{"line":711,"column":50}},"711":{"start":{"line":712,"column":0},"end":{"line":712,"column":29}},"712":{"start":{"line":713,"column":0},"end":{"line":713,"column":38}},"713":{"start":{"line":714,"column":0},"end":{"line":714,"column":26}},"714":{"start":{"line":715,"column":0},"end":{"line":715,"column":14}},"715":{"start":{"line":716,"column":0},"end":{"line":716,"column":34}},"716":{"start":{"line":717,"column":0},"end":{"line":717,"column":29}},"717":{"start":{"line":718,"column":0},"end":{"line":718,"column":56}},"718":{"start":{"line":719,"column":0},"end":{"line":719,"column":33}},"719":{"start":{"line":720,"column":0},"end":{"line":720,"column":26}},"720":{"start":{"line":721,"column":0},"end":{"line":721,"column":33}},"721":{"start":{"line":722,"column":0},"end":{"line":722,"column":16}},"722":{"start":{"line":723,"column":0},"end":{"line":723,"column":15}},"723":{"start":{"line":724,"column":0},"end":{"line":724,"column":14}},"724":{"start":{"line":725,"column":0},"end":{"line":725,"column":34}},"725":{"start":{"line":726,"column":0},"end":{"line":726,"column":29}},"726":{"start":{"line":727,"column":0},"end":{"line":727,"column":69}},"727":{"start":{"line":728,"column":0},"end":{"line":728,"column":33}},"728":{"start":{"line":729,"column":0},"end":{"line":729,"column":26}},"729":{"start":{"line":730,"column":0},"end":{"line":730,"column":33}},"730":{"start":{"line":731,"column":0},"end":{"line":731,"column":16}},"731":{"start":{"line":732,"column":0},"end":{"line":732,"column":14}},"732":{"start":{"line":733,"column":0},"end":{"line":733,"column":13}},"733":{"start":{"line":734,"column":0},"end":{"line":734,"column":25}},"734":{"start":{"line":735,"column":0},"end":{"line":735,"column":21}},"735":{"start":{"line":736,"column":0},"end":{"line":736,"column":53}},"736":{"start":{"line":737,"column":0},"end":{"line":737,"column":27}},"737":{"start":{"line":738,"column":0},"end":{"line":738,"column":34}},"738":{"start":{"line":739,"column":0},"end":{"line":739,"column":71}},"739":{"start":{"line":740,"column":0},"end":{"line":740,"column":30}},"740":{"start":{"line":741,"column":0},"end":{"line":741,"column":39}},"741":{"start":{"line":742,"column":0},"end":{"line":742,"column":38}},"742":{"start":{"line":743,"column":0},"end":{"line":743,"column":20}},"743":{"start":{"line":744,"column":0},"end":{"line":744,"column":19}},"744":{"start":{"line":745,"column":0},"end":{"line":745,"column":37}},"745":{"start":{"line":746,"column":0},"end":{"line":746,"column":67}},"746":{"start":{"line":747,"column":0},"end":{"line":747,"column":30}},"747":{"start":{"line":748,"column":0},"end":{"line":748,"column":38}},"748":{"start":{"line":749,"column":0},"end":{"line":749,"column":42}},"749":{"start":{"line":750,"column":0},"end":{"line":750,"column":20}},"750":{"start":{"line":751,"column":0},"end":{"line":751,"column":18}},"751":{"start":{"line":752,"column":0},"end":{"line":752,"column":17}},"752":{"start":{"line":753,"column":0},"end":{"line":753,"column":27}},"753":{"start":{"line":754,"column":0},"end":{"line":754,"column":37}},"754":{"start":{"line":755,"column":0},"end":{"line":755,"column":30}},"755":{"start":{"line":756,"column":0},"end":{"line":756,"column":37}},"756":{"start":{"line":757,"column":0},"end":{"line":757,"column":20}},"757":{"start":{"line":758,"column":0},"end":{"line":758,"column":19}},"758":{"start":{"line":759,"column":0},"end":{"line":759,"column":38}},"759":{"start":{"line":760,"column":0},"end":{"line":760,"column":30}},"760":{"start":{"line":761,"column":0},"end":{"line":761,"column":37}},"761":{"start":{"line":762,"column":0},"end":{"line":762,"column":20}},"762":{"start":{"line":763,"column":0},"end":{"line":763,"column":18}},"763":{"start":{"line":764,"column":0},"end":{"line":764,"column":16}},"764":{"start":{"line":765,"column":0},"end":{"line":765,"column":15}},"765":{"start":{"line":766,"column":0},"end":{"line":766,"column":21}},"766":{"start":{"line":767,"column":0},"end":{"line":767,"column":66}},"767":{"start":{"line":768,"column":0},"end":{"line":768,"column":14}},"768":{"start":{"line":769,"column":0},"end":{"line":769,"column":12}},"769":{"start":{"line":770,"column":0},"end":{"line":770,"column":10}},"770":{"start":{"line":771,"column":0},"end":{"line":771,"column":9}},"771":{"start":{"line":772,"column":0},"end":{"line":772,"column":24}},"772":{"start":{"line":773,"column":0},"end":{"line":773,"column":17}},"773":{"start":{"line":774,"column":0},"end":{"line":774,"column":20}},"774":{"start":{"line":775,"column":0},"end":{"line":775,"column":19}},"775":{"start":{"line":776,"column":0},"end":{"line":776,"column":13}},"776":{"start":{"line":777,"column":0},"end":{"line":777,"column":64}},"777":{"start":{"line":778,"column":0},"end":{"line":778,"column":29}},"778":{"start":{"line":779,"column":0},"end":{"line":779,"column":39}},"779":{"start":{"line":780,"column":0},"end":{"line":780,"column":28}},"780":{"start":{"line":781,"column":0},"end":{"line":781,"column":25}},"781":{"start":{"line":782,"column":0},"end":{"line":782,"column":25}},"782":{"start":{"line":783,"column":0},"end":{"line":783,"column":52}},"783":{"start":{"line":784,"column":0},"end":{"line":784,"column":14}},"784":{"start":{"line":785,"column":0},"end":{"line":785,"column":12}},"785":{"start":{"line":786,"column":0},"end":{"line":786,"column":10}},"786":{"start":{"line":787,"column":0},"end":{"line":787,"column":9}},"787":{"start":{"line":788,"column":0},"end":{"line":788,"column":28}},"788":{"start":{"line":789,"column":0},"end":{"line":789,"column":17}},"789":{"start":{"line":790,"column":0},"end":{"line":790,"column":20}},"790":{"start":{"line":791,"column":0},"end":{"line":791,"column":19}},"791":{"start":{"line":792,"column":0},"end":{"line":792,"column":13}},"792":{"start":{"line":793,"column":0},"end":{"line":793,"column":46}},"793":{"start":{"line":794,"column":0},"end":{"line":794,"column":29}},"794":{"start":{"line":795,"column":0},"end":{"line":795,"column":42}},"795":{"start":{"line":796,"column":0},"end":{"line":796,"column":26}},"796":{"start":{"line":797,"column":0},"end":{"line":797,"column":14}},"797":{"start":{"line":798,"column":0},"end":{"line":798,"column":34}},"798":{"start":{"line":799,"column":0},"end":{"line":799,"column":28}},"799":{"start":{"line":800,"column":0},"end":{"line":800,"column":91}},"800":{"start":{"line":801,"column":0},"end":{"line":801,"column":32}},"801":{"start":{"line":802,"column":0},"end":{"line":802,"column":26}},"802":{"start":{"line":803,"column":0},"end":{"line":803,"column":33}},"803":{"start":{"line":804,"column":0},"end":{"line":804,"column":16}},"804":{"start":{"line":805,"column":0},"end":{"line":805,"column":14}},"805":{"start":{"line":806,"column":0},"end":{"line":806,"column":13}},"806":{"start":{"line":807,"column":0},"end":{"line":807,"column":25}},"807":{"start":{"line":808,"column":0},"end":{"line":808,"column":21}},"808":{"start":{"line":809,"column":0},"end":{"line":809,"column":53}},"809":{"start":{"line":810,"column":0},"end":{"line":810,"column":27}},"810":{"start":{"line":811,"column":0},"end":{"line":811,"column":38}},"811":{"start":{"line":812,"column":0},"end":{"line":812,"column":30}},"812":{"start":{"line":813,"column":0},"end":{"line":813,"column":56}},"813":{"start":{"line":814,"column":0},"end":{"line":814,"column":20}},"814":{"start":{"line":815,"column":0},"end":{"line":815,"column":19}},"815":{"start":{"line":816,"column":0},"end":{"line":816,"column":37}},"816":{"start":{"line":817,"column":0},"end":{"line":817,"column":30}},"817":{"start":{"line":818,"column":0},"end":{"line":818,"column":56}},"818":{"start":{"line":819,"column":0},"end":{"line":819,"column":20}},"819":{"start":{"line":820,"column":0},"end":{"line":820,"column":18}},"820":{"start":{"line":821,"column":0},"end":{"line":821,"column":16}},"821":{"start":{"line":822,"column":0},"end":{"line":822,"column":15}},"822":{"start":{"line":823,"column":0},"end":{"line":823,"column":21}},"823":{"start":{"line":824,"column":0},"end":{"line":824,"column":57}},"824":{"start":{"line":825,"column":0},"end":{"line":825,"column":15}},"825":{"start":{"line":826,"column":0},"end":{"line":826,"column":21}},"826":{"start":{"line":827,"column":0},"end":{"line":827,"column":46}},"827":{"start":{"line":828,"column":0},"end":{"line":828,"column":14}},"828":{"start":{"line":829,"column":0},"end":{"line":829,"column":12}},"829":{"start":{"line":830,"column":0},"end":{"line":830,"column":11}},"830":{"start":{"line":831,"column":0},"end":{"line":831,"column":17}},"831":{"start":{"line":832,"column":0},"end":{"line":832,"column":20}},"832":{"start":{"line":833,"column":0},"end":{"line":833,"column":19}},"833":{"start":{"line":834,"column":0},"end":{"line":834,"column":13}},"834":{"start":{"line":835,"column":0},"end":{"line":835,"column":36}},"835":{"start":{"line":836,"column":0},"end":{"line":836,"column":73}},"836":{"start":{"line":837,"column":0},"end":{"line":837,"column":39}},"837":{"start":{"line":838,"column":0},"end":{"line":838,"column":26}},"838":{"start":{"line":839,"column":0},"end":{"line":839,"column":14}},"839":{"start":{"line":840,"column":0},"end":{"line":840,"column":34}},"840":{"start":{"line":841,"column":0},"end":{"line":841,"column":28}},"841":{"start":{"line":842,"column":0},"end":{"line":842,"column":61}},"842":{"start":{"line":843,"column":0},"end":{"line":843,"column":32}},"843":{"start":{"line":844,"column":0},"end":{"line":844,"column":26}},"844":{"start":{"line":845,"column":0},"end":{"line":845,"column":33}},"845":{"start":{"line":846,"column":0},"end":{"line":846,"column":16}},"846":{"start":{"line":847,"column":0},"end":{"line":847,"column":14}},"847":{"start":{"line":848,"column":0},"end":{"line":848,"column":13}},"848":{"start":{"line":849,"column":0},"end":{"line":849,"column":27}},"849":{"start":{"line":850,"column":0},"end":{"line":850,"column":67}},"850":{"start":{"line":851,"column":0},"end":{"line":851,"column":25}},"851":{"start":{"line":852,"column":0},"end":{"line":852,"column":36}},"852":{"start":{"line":853,"column":0},"end":{"line":853,"column":28}},"853":{"start":{"line":854,"column":0},"end":{"line":854,"column":54}},"854":{"start":{"line":855,"column":0},"end":{"line":855,"column":18}},"855":{"start":{"line":856,"column":0},"end":{"line":856,"column":17}},"856":{"start":{"line":857,"column":0},"end":{"line":857,"column":35}},"857":{"start":{"line":858,"column":0},"end":{"line":858,"column":28}},"858":{"start":{"line":859,"column":0},"end":{"line":859,"column":54}},"859":{"start":{"line":860,"column":0},"end":{"line":860,"column":18}},"860":{"start":{"line":861,"column":0},"end":{"line":861,"column":17}},"861":{"start":{"line":862,"column":0},"end":{"line":862,"column":53}},"862":{"start":{"line":863,"column":0},"end":{"line":863,"column":28}},"863":{"start":{"line":864,"column":0},"end":{"line":864,"column":54}},"864":{"start":{"line":865,"column":0},"end":{"line":865,"column":18}},"865":{"start":{"line":866,"column":0},"end":{"line":866,"column":16}},"866":{"start":{"line":867,"column":0},"end":{"line":867,"column":14}},"867":{"start":{"line":868,"column":0},"end":{"line":868,"column":13}},"868":{"start":{"line":869,"column":0},"end":{"line":869,"column":25}},"869":{"start":{"line":870,"column":0},"end":{"line":870,"column":25}},"870":{"start":{"line":871,"column":0},"end":{"line":871,"column":52}},"871":{"start":{"line":872,"column":0},"end":{"line":872,"column":14}},"872":{"start":{"line":873,"column":0},"end":{"line":873,"column":12}},"873":{"start":{"line":874,"column":0},"end":{"line":874,"column":11}},"874":{"start":{"line":875,"column":0},"end":{"line":875,"column":20}},"875":{"start":{"line":876,"column":0},"end":{"line":876,"column":20}},"876":{"start":{"line":877,"column":0},"end":{"line":877,"column":19}},"877":{"start":{"line":878,"column":0},"end":{"line":878,"column":13}},"878":{"start":{"line":879,"column":0},"end":{"line":879,"column":36}},"879":{"start":{"line":880,"column":0},"end":{"line":880,"column":73}},"880":{"start":{"line":881,"column":0},"end":{"line":881,"column":39}},"881":{"start":{"line":882,"column":0},"end":{"line":882,"column":26}},"882":{"start":{"line":883,"column":0},"end":{"line":883,"column":14}},"883":{"start":{"line":884,"column":0},"end":{"line":884,"column":34}},"884":{"start":{"line":885,"column":0},"end":{"line":885,"column":28}},"885":{"start":{"line":886,"column":0},"end":{"line":886,"column":66}},"886":{"start":{"line":887,"column":0},"end":{"line":887,"column":32}},"887":{"start":{"line":888,"column":0},"end":{"line":888,"column":26}},"888":{"start":{"line":889,"column":0},"end":{"line":889,"column":33}},"889":{"start":{"line":890,"column":0},"end":{"line":890,"column":16}},"890":{"start":{"line":891,"column":0},"end":{"line":891,"column":14}},"891":{"start":{"line":892,"column":0},"end":{"line":892,"column":13}},"892":{"start":{"line":893,"column":0},"end":{"line":893,"column":25}},"893":{"start":{"line":894,"column":0},"end":{"line":894,"column":21}},"894":{"start":{"line":895,"column":0},"end":{"line":895,"column":57}},"895":{"start":{"line":896,"column":0},"end":{"line":896,"column":15}},"896":{"start":{"line":897,"column":0},"end":{"line":897,"column":21}},"897":{"start":{"line":898,"column":0},"end":{"line":898,"column":46}},"898":{"start":{"line":899,"column":0},"end":{"line":899,"column":14}},"899":{"start":{"line":900,"column":0},"end":{"line":900,"column":12}},"900":{"start":{"line":901,"column":0},"end":{"line":901,"column":10}},"901":{"start":{"line":902,"column":0},"end":{"line":902,"column":8}},"902":{"start":{"line":903,"column":0},"end":{"line":903,"column":7}},"903":{"start":{"line":904,"column":0},"end":{"line":904,"column":20}},"904":{"start":{"line":905,"column":0},"end":{"line":905,"column":19}},"905":{"start":{"line":906,"column":0},"end":{"line":906,"column":19}},"906":{"start":{"line":907,"column":0},"end":{"line":907,"column":28}},"907":{"start":{"line":908,"column":0},"end":{"line":908,"column":26}},"908":{"start":{"line":909,"column":0},"end":{"line":909,"column":20}},"909":{"start":{"line":910,"column":0},"end":{"line":910,"column":33}},"910":{"start":{"line":911,"column":0},"end":{"line":911,"column":33}},"911":{"start":{"line":912,"column":0},"end":{"line":912,"column":28}},"912":{"start":{"line":913,"column":0},"end":{"line":913,"column":15}},"913":{"start":{"line":914,"column":0},"end":{"line":914,"column":23}},"914":{"start":{"line":915,"column":0},"end":{"line":915,"column":33}},"915":{"start":{"line":916,"column":0},"end":{"line":916,"column":33}},"916":{"start":{"line":917,"column":0},"end":{"line":917,"column":32}},"917":{"start":{"line":918,"column":0},"end":{"line":918,"column":15}},"918":{"start":{"line":919,"column":0},"end":{"line":919,"column":26}},"919":{"start":{"line":920,"column":0},"end":{"line":920,"column":33}},"920":{"start":{"line":921,"column":0},"end":{"line":921,"column":33}},"921":{"start":{"line":922,"column":0},"end":{"line":922,"column":27}},"922":{"start":{"line":923,"column":0},"end":{"line":923,"column":15}},"923":{"start":{"line":924,"column":0},"end":{"line":924,"column":26}},"924":{"start":{"line":925,"column":0},"end":{"line":925,"column":32}},"925":{"start":{"line":926,"column":0},"end":{"line":926,"column":36}},"926":{"start":{"line":927,"column":0},"end":{"line":927,"column":15}},"927":{"start":{"line":928,"column":0},"end":{"line":928,"column":24}},"928":{"start":{"line":929,"column":0},"end":{"line":929,"column":32}},"929":{"start":{"line":930,"column":0},"end":{"line":930,"column":45}},"930":{"start":{"line":931,"column":0},"end":{"line":931,"column":37}},"931":{"start":{"line":932,"column":0},"end":{"line":932,"column":24}},"932":{"start":{"line":933,"column":0},"end":{"line":933,"column":26}},"933":{"start":{"line":934,"column":0},"end":{"line":934,"column":28}},"934":{"start":{"line":935,"column":0},"end":{"line":935,"column":28}},"935":{"start":{"line":936,"column":0},"end":{"line":936,"column":16}},"936":{"start":{"line":937,"column":0},"end":{"line":937,"column":15}},"937":{"start":{"line":938,"column":0},"end":{"line":938,"column":26}},"938":{"start":{"line":939,"column":0},"end":{"line":939,"column":32}},"939":{"start":{"line":940,"column":0},"end":{"line":940,"column":14}},"940":{"start":{"line":941,"column":0},"end":{"line":941,"column":13}},"941":{"start":{"line":942,"column":0},"end":{"line":942,"column":19}},"942":{"start":{"line":943,"column":0},"end":{"line":943,"column":28}},"943":{"start":{"line":944,"column":0},"end":{"line":944,"column":12}},"944":{"start":{"line":945,"column":0},"end":{"line":945,"column":11}},"945":{"start":{"line":946,"column":0},"end":{"line":946,"column":22}},"946":{"start":{"line":947,"column":0},"end":{"line":947,"column":28}},"947":{"start":{"line":948,"column":0},"end":{"line":948,"column":26}},"948":{"start":{"line":949,"column":0},"end":{"line":949,"column":20}},"949":{"start":{"line":950,"column":0},"end":{"line":950,"column":33}},"950":{"start":{"line":951,"column":0},"end":{"line":951,"column":33}},"951":{"start":{"line":952,"column":0},"end":{"line":952,"column":32}},"952":{"start":{"line":953,"column":0},"end":{"line":953,"column":15}},"953":{"start":{"line":954,"column":0},"end":{"line":954,"column":26}},"954":{"start":{"line":955,"column":0},"end":{"line":955,"column":32}},"955":{"start":{"line":956,"column":0},"end":{"line":956,"column":34}},"956":{"start":{"line":957,"column":0},"end":{"line":957,"column":15}},"957":{"start":{"line":958,"column":0},"end":{"line":958,"column":25}},"958":{"start":{"line":959,"column":0},"end":{"line":959,"column":31}},"959":{"start":{"line":960,"column":0},"end":{"line":960,"column":23}},"960":{"start":{"line":961,"column":0},"end":{"line":961,"column":37}},"961":{"start":{"line":962,"column":0},"end":{"line":962,"column":32}},"962":{"start":{"line":963,"column":0},"end":{"line":963,"column":17}},"963":{"start":{"line":964,"column":0},"end":{"line":964,"column":25}},"964":{"start":{"line":965,"column":0},"end":{"line":965,"column":55}},"965":{"start":{"line":966,"column":0},"end":{"line":966,"column":16}},"966":{"start":{"line":967,"column":0},"end":{"line":967,"column":14}},"967":{"start":{"line":968,"column":0},"end":{"line":968,"column":13}},"968":{"start":{"line":969,"column":0},"end":{"line":969,"column":19}},"969":{"start":{"line":970,"column":0},"end":{"line":970,"column":31}},"970":{"start":{"line":971,"column":0},"end":{"line":971,"column":12}},"971":{"start":{"line":972,"column":0},"end":{"line":972,"column":11}},"972":{"start":{"line":973,"column":0},"end":{"line":973,"column":21}},"973":{"start":{"line":974,"column":0},"end":{"line":974,"column":28}},"974":{"start":{"line":975,"column":0},"end":{"line":975,"column":26}},"975":{"start":{"line":976,"column":0},"end":{"line":976,"column":24}},"976":{"start":{"line":977,"column":0},"end":{"line":977,"column":32}},"977":{"start":{"line":978,"column":0},"end":{"line":978,"column":38}},"978":{"start":{"line":979,"column":0},"end":{"line":979,"column":15}},"979":{"start":{"line":980,"column":0},"end":{"line":980,"column":22}},"980":{"start":{"line":981,"column":0},"end":{"line":981,"column":32}},"981":{"start":{"line":982,"column":0},"end":{"line":982,"column":37}},"982":{"start":{"line":983,"column":0},"end":{"line":983,"column":15}},"983":{"start":{"line":984,"column":0},"end":{"line":984,"column":23}},"984":{"start":{"line":985,"column":0},"end":{"line":985,"column":32}},"985":{"start":{"line":986,"column":0},"end":{"line":986,"column":30}},"986":{"start":{"line":987,"column":0},"end":{"line":987,"column":15}},"987":{"start":{"line":988,"column":0},"end":{"line":988,"column":21}},"988":{"start":{"line":989,"column":0},"end":{"line":989,"column":32}},"989":{"start":{"line":990,"column":0},"end":{"line":990,"column":33}},"990":{"start":{"line":991,"column":0},"end":{"line":991,"column":14}},"991":{"start":{"line":992,"column":0},"end":{"line":992,"column":13}},"992":{"start":{"line":993,"column":0},"end":{"line":993,"column":19}},"993":{"start":{"line":994,"column":0},"end":{"line":994,"column":30}},"994":{"start":{"line":995,"column":0},"end":{"line":995,"column":12}},"995":{"start":{"line":996,"column":0},"end":{"line":996,"column":11}},"996":{"start":{"line":997,"column":0},"end":{"line":997,"column":22}},"997":{"start":{"line":998,"column":0},"end":{"line":998,"column":28}},"998":{"start":{"line":999,"column":0},"end":{"line":999,"column":26}},"999":{"start":{"line":1000,"column":0},"end":{"line":1000,"column":20}},"1000":{"start":{"line":1001,"column":0},"end":{"line":1001,"column":33}},"1001":{"start":{"line":1002,"column":0},"end":{"line":1002,"column":33}},"1002":{"start":{"line":1003,"column":0},"end":{"line":1003,"column":27}},"1003":{"start":{"line":1004,"column":0},"end":{"line":1004,"column":15}},"1004":{"start":{"line":1005,"column":0},"end":{"line":1005,"column":22}},"1005":{"start":{"line":1006,"column":0},"end":{"line":1006,"column":32}},"1006":{"start":{"line":1007,"column":0},"end":{"line":1007,"column":32}},"1007":{"start":{"line":1008,"column":0},"end":{"line":1008,"column":14}},"1008":{"start":{"line":1009,"column":0},"end":{"line":1009,"column":13}},"1009":{"start":{"line":1010,"column":0},"end":{"line":1010,"column":19}},"1010":{"start":{"line":1011,"column":0},"end":{"line":1011,"column":31}},"1011":{"start":{"line":1012,"column":0},"end":{"line":1012,"column":12}},"1012":{"start":{"line":1013,"column":0},"end":{"line":1013,"column":11}},"1013":{"start":{"line":1014,"column":0},"end":{"line":1014,"column":18}},"1014":{"start":{"line":1015,"column":0},"end":{"line":1015,"column":28}},"1015":{"start":{"line":1016,"column":0},"end":{"line":1016,"column":26}},"1016":{"start":{"line":1017,"column":0},"end":{"line":1017,"column":20}},"1017":{"start":{"line":1018,"column":0},"end":{"line":1018,"column":33}},"1018":{"start":{"line":1019,"column":0},"end":{"line":1019,"column":33}},"1019":{"start":{"line":1020,"column":0},"end":{"line":1020,"column":28}},"1020":{"start":{"line":1021,"column":0},"end":{"line":1021,"column":15}},"1021":{"start":{"line":1022,"column":0},"end":{"line":1022,"column":26}},"1022":{"start":{"line":1023,"column":0},"end":{"line":1023,"column":32}},"
[...]
,"/home/natan/projects/multidb/src/routes/hero.routes.js": {"path":"/home/natan/projects/multidb/src/routes/hero.routes.js","all":false,"statementMap":{"0":{"start":{"line":1,"column":0},"end":{"line":1,"column":21}},"1":{"start":{"line":2,"column":0},"end":{"line":2,"column":23}},"2":{"start":{"line":3,"column":0},"end":{"line":3,"column":49}},"3":{"start":{"line":4,"column":0},"end":{"line":4,"column":0}},"4":{"start":{"line":5,"column":0},"end":{"line":5,"column":28}},"5":{"start":{"line":6,"column":0},"end":{"line":6,"column":40}},"6":{"start":{"line":7,"column":0},"end":{"line":7,"column":12}},"7":{"start":{"line":8,"column":0},"end":{"line":8,"column":0}},"8":{"start":{"line":9,"column":0},"end":{"line":9,"column":43}},"9":{"start":{"line":10,"column":0},"end":{"line":10,"column":19}},"10":{"start":{"line":11,"column":0},"end":{"line":11,"column":11}},"11":{"start":{"line":12,"column":0},"end":{"line":12,"column":16}},"12":{"start":{"line":13,"column":0},"end":{"line":13,"column":3}},"13":{"start":{"line":14,"column":0},"end":{"line":14,"column":0}},"14":{"start":{"line":15,"column":0},"end":{"line":15,"column":40}},"15":{"start":{"line":16,"column":0},"end":{"line":16,"column":15}},"16":{"start":{"line":17,"column":0},"end":{"line":17,"column":3}},"17":{"start":{"line":18,"column":0},"end":{"line":18,"column":0}},"18":{"start":{"line":19,"column":0},"end":{"line":19,"column":10}},"19":{"start":{"line":20,"column":0},"end":{"line":20,"column":12}},"20":{"start":{"line":21,"column":0},"end":{"line":21,"column":21}},"21":{"start":{"line":22,"column":0},"end":{"line":22,"column":20}},"22":{"start":{"line":23,"column":0},"end":{"line":23,"column":16}},"23":{"start":{"line":24,"column":0},"end":{"line":24,"column":31}},"24":{"start":{"line":25,"column":0},"end":{"line":25,"column":73}},"25":{"start":{"line":26,"column":0},"end":{"line":26,"column":19}},"26":{"start":{"line":27,"column":0},"end":{"line":27,"column":39}},"27":{"start":{"line":28,"column":0},"end":{"line":28,"column":29}},"28":{"start":{"line":29,"column":0},"end":{"line":29,"column":54}},"29":{"start":{"line":30,"column":0},"end":{"line":30,"column":52}},"30":{"start":{"line":31,"column":0},"end":{"line":31,"column":46}},"31":{"start":{"line":32,"column":0},"end":{"line":32,"column":13}},"32":{"start":{"line":33,"column":0},"end":{"line":33,"column":17}},"33":{"start":{"line":34,"column":0},"end":{"line":34,"column":9}},"34":{"start":{"line":35,"column":0},"end":{"line":35,"column":8}},"35":{"start":{"line":36,"column":0},"end":{"line":36,"column":38}},"36":{"start":{"line":37,"column":0},"end":{"line":37,"column":13}},"37":{"start":{"line":38,"column":0},"end":{"line":38,"column":53}},"38":{"start":{"line":39,"column":0},"end":{"line":39,"column":32}},"39":{"start":{"line":40,"column":0},"end":{"line":40,"column":43}},"40":{"start":{"line":41,"column":0},"end":{"line":41,"column":16}},"41":{"start":{"line":42,"column":0},"end":{"line":42,"column":0}},"42":{"start":{"line":43,"column":0},"end":{"line":43,"column":49}},"43":{"start":{"line":44,"column":0},"end":{"line":44,"column":25}},"44":{"start":{"line":45,"column":0},"end":{"line":45,"column":36}},"45":{"start":{"line":46,"column":0},"end":{"line":46,"column":0}},"46":{"start":{"line":47,"column":0},"end":{"line":47,"column":32}},"47":{"start":{"line":48,"column":0},"end":{"line":48,"column":9}},"48":{"start":{"line":49,"column":0},"end":{"line":49,"column":7}},"49":{"start":{"line":50,"column":0},"end":{"line":50,"column":5}},"50":{"start":{"line":51,"column":0},"end":{"line":51,"column":3}},"51":{"start":{"line":52,"column":0},"end":{"line":52,"column":0}},"52":{"start":{"line":53,"column":0},"end":{"line":53,"column":12}},"53":{"start":{"line":54,"column":0},"end":{"line":54,"column":12}},"54":{"start":{"line":55,"column":0},"end":{"line":55,"column":21}},"55":{"start":{"line":56,"column":0},"end":{"line":56,"column":21}},"56":{"start":{"line":57,"column":0},"end":{"line":57,"column":16}},"57":{"start":{"line":58,"column":0},"end":{"line":58,"column":22}},"58":{"start":{"line":59,"column":0},"end":{"line":59,"column":60}},"59":{"start":{"line":60,"column":0},"end":{"line":60,"column":19}},"60":{"start":{"line":61,"column":0},"end":{"line":61,"column":39}},"61":{"start":{"line":62,"column":0},"end":{"line":62,"column":31}},"62":{"start":{"line":63,"column":0},"end":{"line":63,"column":58}},"63":{"start":{"line":64,"column":0},"end":{"line":64,"column":58}},"64":{"start":{"line":65,"column":0},"end":{"line":65,"column":13}},"65":{"start":{"line":66,"column":0},"end":{"line":66,"column":17}},"66":{"start":{"line":67,"column":0},"end":{"line":67,"column":9}},"67":{"start":{"line":68,"column":0},"end":{"line":68,"column":8}},"68":{"start":{"line":69,"column":0},"end":{"line":69,"column":44}},"69":{"start":{"line":70,"column":0},"end":{"line":70,"column":13}},"70":{"start":{"line":71,"column":0},"end":{"line":71,"column":47}},"71":{"start":{"line":72,"column":0},"end":{"line":72,"column":62}},"72":{"start":{"line":73,"column":0},"end":{"line":73,"column":0}},"73":{"start":{"line":74,"column":0},"end":{"line":74,"column":18}},"74":{"start":{"line":75,"column":0},"end":{"line":75,"column":28}},"75":{"start":{"line":76,"column":0},"end":{"line":76,"column":52}},"76":{"start":{"line":77,"column":0},"end":{"line":77,"column":11}},"77":{"start":{"line":78,"column":0},"end":{"line":78,"column":25}},"78":{"start":{"line":79,"column":0},"end":{"line":79,"column":36}},"79":{"start":{"line":80,"column":0},"end":{"line":80,"column":0}},"80":{"start":{"line":81,"column":0},"end":{"line":81,"column":32}},"81":{"start":{"line":82,"column":0},"end":{"line":82,"column":9}},"82":{"start":{"line":83,"column":0},"end":{"line":83,"column":7}},"83":{"start":{"line":84,"column":0},"end":{"line":84,"column":5}},"84":{"start":{"line":85,"column":0},"end":{"line":85,"column":3}},"85":{"start":{"line":86,"column":0},"end":{"line":86,"column":0}},"86":{"start":{"line":87,"column":0},"end":{"line":87,"column":12}},"87":{"start":{"line":88,"column":0},"end":{"line":88,"column":12}},"88":{"start":{"line":89,"column":0},"end":{"line":89,"column":26}},"89":{"start":{"line":90,"column":0},"end":{"line":90,"column":22}},"90":{"start":{"line":91,"column":0},"end":{"line":91,"column":16}},"91":{"start":{"line":92,"column":0},"end":{"line":92,"column":22}},"92":{"start":{"line":93,"column":0},"end":{"line":93,"column":75}},"93":{"start":{"line":94,"column":0},"end":{"line":94,"column":19}},"94":{"start":{"line":95,"column":0},"end":{"line":95,"column":39}},"95":{"start":{"line":96,"column":0},"end":{"line":96,"column":30}},"96":{"start":{"line":97,"column":0},"end":{"line":97,"column":39}},"97":{"start":{"line":98,"column":0},"end":{"line":98,"column":13}},"98":{"start":{"line":99,"column":0},"end":{"line":99,"column":31}},"99":{"start":{"line":100,"column":0},"end":{"line":100,"column":47}},"100":{"start":{"line":101,"column":0},"end":{"line":101,"column":47}},"101":{"start":{"line":102,"column":0},"end":{"line":102,"column":13}},"102":{"start":{"line":103,"column":0},"end":{"line":103,"column":17}},"103":{"start":{"line":104,"column":0},"end":{"line":104,"column":9}},"104":{"start":{"line":105,"column":0},"end":{"line":105,"column":8}},"105":{"start":{"line":106,"column":0},"end":{"line":106,"column":44}},"106":{"start":{"line":107,"column":0},"end":{"line":107,"column":13}},"107":{"start":{"line":108,"column":0},"end":{"line":108,"column":39}},"108":{"start":{"line":109,"column":0},"end":{"line":109,"column":41}},"109":{"start":{"line":110,"column":0},"end":{"line":110,"column":53}},"110":{"start":{"line":111,"column":0},"end":{"line":111,"column":47}},"111":{"start":{"line":112,"column":0},"end":{"line":112,"column":0}},"112":{"start":{"line":113,"column":0},"end":{"line":113,"column":56}},"113":{"start":{"line":114,"column":0},"end":{"line":114,"column":0}},"114":{"start":{"line":115,"column":0},"end":{"line":115,"column":43}},"115":{"start":{"line":116,"column":0},"end":{"line":116,"column":72}},"116":{"start":{"line":117,"column":0},"end":{"line":117,"column":11}},"117":{"start":{"line":118,"column":0},"end":{"line":118,"column":0}},"118":{"start":{"line":119,"column":0},"end":{"line":119,"column":18}},"119":{"start":{"line":120,"column":0},"end":{"line":120,"column":52}},"120":{"start":{"line":121,"column":0},"end":{"line":121,"column":11}},"121":{"start":{"line":122,"column":0},"end":{"line":122,"column":25}},"122":{"start":{"line":123,"column":0},"end":{"line":123,"column":36}},"123":{"start":{"line":124,"column":0},"end":{"line":124,"column":0}},"124":{"start":{"line":125,"column":0},"end":{"line":125,"column":32}},"125":{"start":{"line":126,"column":0},"end":{"line":126,"column":9}},"126":{"start":{"line":127,"column":0},"end":{"line":127,"column":7}},"127":{"start":{"line":128,"column":0},"end":{"line":128,"column":5}},"128":{"start":{"line":129,"column":0},"end":{"line":129,"column":3}},"129":{"start":{"line":130,"column":0},"end":{"line":130,"column":0}},"130":{"start":{"line":131,"column":0},"end":{"line":131,"column":12}},"131":{"start":{"line":132,"column":0},"end":{"line":132,"column":12}},"132":{"start":{"line":133,"column":0},"end":{"line":133,"column":26}},"133":{"start":{"line":134,"column":0},"end":{"line":134,"column":23}},"134":{"start":{"line":135,"column":0},"end":{"line":135,"column":16}},"135":{"start":{"line":136,"column":0},"end":{"line":136,"column":22}},"136":{"start":{"line":137,"column":0},"end":{"line":137,"column":69}},"137":{"start":{"line":138,"column":0},"end":{"line":138,"column":19}},"138":{"start":{"line":139,"column":0},"end":{"line":139,"column":39}},"139":{"start":{"line":140,"column":0},"end":{"line":140,"column":30}},"140":{"start":{"line":141,"column":0},"end":{"line":141,"column":39}},"141":{"start":{"line":142,"column":0},"end":{"line":142,"column":13}},"142":{"start":{"line":143,"column":0},"end":{"line":143,"column":17}},"143":{"start":{"line":144,"column":0},"end":{"line":144,"column":9}},"144":{"start":{"line":145,"column":0},"end":{"line":145,"column":8}},"145":{"start":{"line":146,"column":0},"end":{"line":146,"column":44}},"146":{"start":{"line":147,"column":0},"end":{"line":147,"column":13}},"147":{"start":{"line":148,"column":0},"end":{"line":148,"column":39}},"148":{"start":{"line":149,"column":0},"end":{"line":149,"column":0}},"149":{"start":{"line":150,"column":0},"end":{"line":150,"column":49}},"150":{"start":{"line":151,"column":0},"end":{"line":151,"column":0}},"151":{"start":{"line":152,"column":0},"end":{"line":152,"column":42}},"152":{"start":{"line":153,"column":0},"end":{"line":153,"column":72}},"153":{"start":{"line":154,"column":0},"end":{"line":154,"column":11}},"154":{"start":{"line":155,"column":0},"end":{"line":155,"column":0}},"155":{"start":{"line":156,"column":0},"end":{"line":156,"column":18}},"156":{"start":{"line":157,"column":0},"end":{"line":157,"column":50}},"157":{"start":{"line":158,"column":0},"end":{"line":158,"column":11}},"158":{"start":{"line":159,"column":0},"end":{"line":159,"column":25}},"159":{"start":{"line":160,"column":0},"end":{"line":160,"column":36}},"160":{"start":{"line":161,"column":0},"end":{"line":161,"column":0}},"161":{"start":{"line":162,"column":0},"end":{"line":162,"column":32}},"162":{"start":{"line":163,"column":0},"end":{"line":163,"column":9}},"163":{"start":{"line":164,"column":0},"end":{"line":164,"column":7}},"164":{"start":{"line":165,"column":0},"end":{"line":165,"column":5}},"165":{"start":{"line":166,"column":0},"end":{"line":166,"column":3}},"166":{"start":{"line":167,"column":0},"end":{"line":167,"column":1}}},"s":{"0":1,"1":1,"2":1,"3":1,"4":1,"5":1,"6":1,"7":1,"8":1,"9":1,"10":2,"11":2,"12":2,"13":1,"14":1,"15":1,"16":1,"17":1,"18":1,"19":2,"20":2,"21":2,"22":2,"23":2,"24":2,"25":2,"26":2,"27":2,"28":2,"29":2,"30":2,"31":2,"32":2,"33":2,"34":2,"35":2,"36":3,"37":3,"38":3,"39":1,"40":3,"41":3,"42":3,"43":3,"44":0,"45":0,"46":0,"47":0,"48":3,"49":2,"50":2,"51":1,"52":1,"53":2,"54":2,"55":2,"56":2,"57":2,"58":2,"59":2,"60":2,"61":2,"62":2,"63":2,"64":2,"65":2,"66":2,"67":2,"68":2,"69":2,"70":2,"71":2,"72":2,"73":2,"74":2,"75":2,"76":2,"77":2,"78":0,"79":0,"80":0,"81":0,"82":2,"83":2,"84":2,"85":1,"86":1,"87":2,"88":2,"89":2,"90":2,"91":2,"92":2,"93":2,"94":2,"95":2,"96":2,"97":2,"98":2,"99":2,"100":2,"101":2,"102":2,"103":2,"104":2,"105":2,"106":2,"107":2,"108":2,"109":2,"110":2,"111":2,"112":2,"113":2,"114":2,"115":1,"116":1,"117":1,"118":1,"119":1,"120":1,"121":2,"122":0,"123":0,"124":0,"125":0,"126":2,"127":2,"128":2,"129":1,"130":1,"131":2,"132":2,"133":2,"134":2,"135":2,"136":2,"137":2,"138":2,"139":2,"140":2,"141":2,"142":2,"143":2,"144":2,"145":2,"146":2,"147":2,"148":2,"149":2,"150":2,"151":2,"152":1,"153":1,"154":1,"155":1,"156":1,"157":1,"158":2,"159":0,"160":0,"161":0,"162":0,"163":2,"164":2,"165":2,"166":1},"branchMap":{"0":{"type":"branch","line":10,"loc":{"start":{"line":10,"column":2},"end":{"line":13,"column":3}},"locations":[{"start":{"line":10,"column":2},"end":{"line":13,"column":3}}]},"1":{"type":"branch","line":15,"loc":{"start":{"line":15,"column":2},"end":{"line":17,"column":3}},"locations":[{"start":{"line":15,"column":2},"end":{"line":17,"column":3}}]},"2":{"type":"branch","line":19,"loc":{"start":{"line":19,"column":2},"end":{"line":51,"column":3}},"locations":[{"start":{"line":19,"column":2},"end":{"line":51,"column":3}}]},"3":{"type":"branch","line":36,"loc":{"start":{"line":36,"column":15},"end":{"line":49,"column":7}},"locations":[{"start":{"line":36,"column":15},"end":{"line":49,"column":7}}]},"4":{"type":"branch","line":39,"loc":{"start":{"line":39,"column":28},"end":{"line":41,"column":11}},"locations":[{"start":{"line":39,"column":28},"end":{"line":41,"column":11}}]},"5":{"type":"branch","line":41,"loc":{"start":{"line":41,"column":11},"end":{"line":41,"column":16}},"locations":[{"start":{"line":41,"column":11},"end":{"line":41,"column":16}}]},"6":{"type":"branch","line":44,"loc":{"start":{"line":44,"column":10},"end":{"line":48,"column":9}},"locations":[{"start":{"line":44,"column":10},"end":{"line":48,"column":9}}]},"7":{"type":"branch","line":53,"loc":{"start":{"line":53,"column":2},"end":{"line":85,"column":3}},"locations":[{"start":{"line":53,"column":2},"end":{"line":85,"column":3}}]},"8":{"type":"branch","line":69,"loc":{"start":{"line":69,"column":15},"end":{"line":83,"column":7}},"locations":[{"start":{"line":69,"column":15},"end":{"line":83,"column":7}}]},"9":{"type":"branch","line":78,"loc":{"start":{"line":78,"column":10},"end":{"line":82,"column":9}},"locations":[{"start":{"line":78,"column":10},"end":{"line":82,"column":9}}]},"10":{"type":"branch","line":87,"loc":{"start":{"line":87,"column":2},"end":{"line":129,"column":3}},"locations":[{"start":{"line":87,"column":2},"end":{"line":129,"column":3}}]},"11":{"type":"branch","line":106,"loc":{"start":{"line":106,"column":15},"end":{"line":127,"column":7}},"locations":[{"start":{"line":106,"column":15},"end":{"line":127,"column":7}}]},"12":{"type":"branch","line":115,"loc":{"start":{"line":115,"column":42},"end":{"line":122,"column":10}},"locations":[{"start":{"line":115,"column":42},"end":{"line":122,"column":10}}]},"13":{"type":"branch","line":122,"loc":{"start":{"line":122,"column":10},"end":{"line":126,"column":9}},"locations":[{"start":{"line":122,"column":10},"end":{"line":126,"column":9}}]},"14":{"type":"branch","line":131,"loc":{"start":{"line":131,"column":2},"end":{"line":166,"column":3}},"locations":[{"start":{"line":131,"column":2},"end":{"line":166,"column":3}}]},"15":{"type":"branch","line":146,"loc":{"start":{"line":146,"column":15},"end":{"line":164,"column":7}},"locations":[{"start":{"line":146,"column":15},"end":{"line":164,"column":7}}]},"16":{"type":"branch","line":152,"loc":{"start":{"line":152,"column":41},"end":{"line":159,"column":10}},"locations":[{"start":{"line":152,"column":41},"end":{"line":159,"column":10}}]},"17":{"type":"branch","line":159,"loc":{"start":{"line":159,"column":10},"end":{"line":163,"column":9}},"locations":[{"start":{"line":159,"column":10},"end":{"line":163,"column":9}}]}},"b":{"0":[2],"1":[1],"2":[2],"3":[3],"4":[1],"5":[2],"6":[0],"7":[2],"8":[2],"9":[0],"10":[2],"11":[2],"12":[1],"13":[0],"14":[2],"15":[2],"16":[1],"17":[0]},"fnMap":{"0":{"name":"HeroRoutes","decl":{"start":{"line":10,"column":2},"end":{"line":13,"column":3}},"loc":{"start":{"line":10,"column":2},"end":{"line":13,"column":3}},"line":10},"1":{"name":"_failAction","decl":{"start":{"line":15,"column":2},"end":{"line":17,"column":3}},"loc":{"start":{"line":15,"column":2},"end":{"line":17,"column":3}},"line":15},"2":{"name":"list","decl":{"start":{"line":19,"column":2},"end":{"line":51,"column":3}},"loc":{"start":{"line":19,"column":2},"end":{"line":51,"column":3}},"line":19},"3":{"name":"handler","decl":{"start":{"line":36,"column":15},"end":{"line":49,"column":7}},"loc":{"start":{"line":36,"column":15},"end":{"line":49,"column":7}},"line":36},"4":{"name":"create","decl":{"start":{"line":53,"column":2},"end":{"line":85,"column":3}},"loc":{"start":{"line":53,"column":2},"end":{"line":85,"column":3}},"line":53},"5":{"name":"handler","decl":{"start":{"line":69,"column":15},"end":{"line":83,"column":7}},"loc":{"start":{"line":69,"column":15},"end":{"line":83,"column":7}},"line":69},"6":{"name":"update","decl":{"start":{"line":87,"column":2},"end":{"line":129,"column":3}},"loc":{"start":{"line":87,"column":2},"end":{"line":129,"column":3}},"line":87},"7":{"name":"handler","decl":{"start":{"line":106,"column":15},"end":{"line":127,"column":7}},"loc":{"start":{"line":106,"column":15},"end":{"line":127,"column":7}},"line":106},"8":{"name":"delete","decl":{"start":{"line":131,"column":2},"end":{"line":166,"column":3}},"loc":{"start":{"line":131,"column":2},"end":{"line":166,"column":3}},"line":131},"9":{"name":"handler","decl":{"start":{"line":146,"column":15},"end":{"line":164,"column":7}},"loc":{"start":{"line":146,"column":15},"end":{"line":164,"column":7}},"line":146}},"f":{"0":2,"1":1,"2":2,"3":3,"4":2,"5":2,"6":2,"7":2,"8":2,"9":2}}
,"/home/natan/projects/multidb/src/routes/base/base.routes.js": {"path":"/home/natan/projects/multidb/src/routes/base/base.routes.js","all":false,"statementMap":{"0":{"start":{"line":1,"column":0},"end":{"line":1,"column":24}},"1":{"start":{"line":2,"column":0},"end":{"line":2,"column":20}},"2":{"start":{"line":3,"column":0},"end":{"line":3,"column":53}},"3":{"start":{"line":4,"column":0},"end":{"line":4,"column":76}},"4":{"start":{"line":5,"column":0},"end":{"line":5,"column":3}},"5":{"start":{"line":6,"column":0},"end":{"line":6,"column":1}}},"s":{"0":1,"1":1,"2":4,"3":4,"4":4,"5":1},"branchMap":{"0":{"type":"branch","line":2,"loc":{"start":{"line":2,"column":9},"end":{"line":5,"column":3}},"locations":[{"start":{"line":2,"column":9},"end":{"line":5,"column":3}}]},"1":{"type":"branch","line":4,"loc":{"start":{"line":4,"column":14},"end":{"line":4,"column":75}},"locations":[{"start":{"line":4,"column":14},"end":{"line":4,"column":75}}]},"2":{"type":"branch","line":4,"loc":{"start":{"line":4,"column":48},"end":{"line":4,"column":75}},"locations":[{"start":{"line":4,"column":48},"end":{"line":4,"column":75}}]}},"b":{"0":[4],"1":[18],"2":[14]},"fnMap":{"0":{"name":"methods","decl":{"start":{"line":2,"column":9},"end":{"line":5,"column":3}},"loc":{"start":{"line":2,"column":9},"end":{"line":5,"column":3}},"line":2}},"f":{"0":4}}
}
